<?xml version="1.0" encoding="utf-8"?>
<coverage line-rate="0.49090000000000006" branch-rate="0.3575" version="1.9" timestamp="1762855110" lines-covered="839" lines-valid="1709" branches-covered="123" branches-valid="344">
  <sources>
    <source>C:\Users\avist\source\repos\GitHubLocal\Customers\WebTemplate\Backend\</source>
  </sources>
  <packages>
    <package name="WebTemplate.Core" line-rate="0.6616" branch-rate="0.5857" complexity="540">
      <classes>
        <class name="WebTemplate.Core.Services.AuthService" filename="WebTemplate.Core\Services\AuthService.cs" line-rate="1" branch-rate="0.5" complexity="6">
          <methods>
            <method name="ParsePermissions" signature="(System.String)" line-rate="1" branch-rate="0.5" complexity="4">
              <lines>
                <line number="57" hits="10" branch="False" />
                <line number="58" hits="10" branch="True" condition-coverage="50% (1/2)">
                  <conditions>
                    <condition number="9" type="jump" coverage="50%" />
                  </conditions>
                </line>
                <line number="60" hits="10" branch="False" />
                <line number="61" hits="10" branch="False" />
                <line number="62" hits="8" branch="True" condition-coverage="50% (1/2)">
                  <conditions>
                    <condition number="31" type="jump" coverage="50%" />
                  </conditions>
                </line>
                <line number="64" hits="2" branch="False" />
                <line number="65" hits="2" branch="False" />
                <line number="66" hits="2" branch="False" />
                <line number="68" hits="10" branch="False" />
              </lines>
            </method>
            <method name="MapUserType" signature="(WebTemplate.Core.Entities.UserType)" line-rate="1" branch-rate="1" complexity="1">
              <lines>
                <line number="71" hits="5" branch="False" />
                <line number="72" hits="5" branch="False" />
                <line number="73" hits="5" branch="False" />
                <line number="74" hits="5" branch="False" />
                <line number="75" hits="5" branch="False" />
                <line number="76" hits="5" branch="False" />
                <line number="77" hits="5" branch="False" />
                <line number="78" hits="5" branch="False" />
                <line number="79" hits="5" branch="False" />
                <line number="80" hits="5" branch="False" />
              </lines>
            </method>
            <method name=".ctor" signature="(Microsoft.AspNetCore.Identity.UserManager`1&lt;WebTemplate.Core.Entities.ApplicationUser&gt;,Microsoft.AspNetCore.Identity.SignInManager`1&lt;WebTemplate.Core.Entities.ApplicationUser&gt;,WebTemplate.Core.Interfaces.ITokenService,Microsoft.Extensions.Logging.ILogger`1&lt;WebTemplate.Core.Services.AuthService&gt;,Microsoft.Extensions.Options.IOptions`1&lt;WebTemplate.Core.Configuration.AuthSettings&gt;,Microsoft.Extensions.Options.IOptions`1&lt;WebTemplate.Core.Configuration.JwtSettings&gt;,Microsoft.Extensions.Options.IOptions`1&lt;WebTemplate.Core.Configuration.UserModuleFeatures&gt;,WebTemplate.Core.Interfaces.IUserTypeRepository,WebTemplate.Core.Interfaces.IEmailSender,Microsoft.Extensions.Options.IOptions`1&lt;WebTemplate.Core.Configuration.AppUrls&gt;)" line-rate="1" branch-rate="1" complexity="1">
              <lines>
                <line number="32" hits="68" branch="False" />
                <line number="33" hits="68" branch="False" />
                <line number="34" hits="68" branch="False" />
                <line number="35" hits="68" branch="False" />
                <line number="36" hits="68" branch="False" />
                <line number="37" hits="68" branch="False" />
                <line number="38" hits="68" branch="False" />
                <line number="39" hits="68" branch="False" />
                <line number="40" hits="68" branch="False" />
                <line number="41" hits="68" branch="False" />
                <line number="42" hits="68" branch="False" />
                <line number="43" hits="68" branch="False" />
                <line number="44" hits="68" branch="False" />
                <line number="45" hits="68" branch="False" />
                <line number="46" hits="68" branch="False" />
                <line number="47" hits="68" branch="False" />
                <line number="48" hits="68" branch="False" />
                <line number="49" hits="68" branch="False" />
                <line number="50" hits="68" branch="False" />
                <line number="51" hits="68" branch="False" />
                <line number="52" hits="68" branch="False" />
                <line number="53" hits="68" branch="False" />
                <line number="54" hits="68" branch="False" />
              </lines>
            </method>
          </methods>
          <lines>
            <line number="57" hits="10" branch="False" />
            <line number="58" hits="10" branch="True" condition-coverage="50% (1/2)">
              <conditions>
                <condition number="9" type="jump" coverage="50%" />
              </conditions>
            </line>
            <line number="60" hits="10" branch="False" />
            <line number="61" hits="10" branch="False" />
            <line number="62" hits="8" branch="True" condition-coverage="50% (1/2)">
              <conditions>
                <condition number="31" type="jump" coverage="50%" />
              </conditions>
            </line>
            <line number="64" hits="2" branch="False" />
            <line number="65" hits="2" branch="False" />
            <line number="66" hits="2" branch="False" />
            <line number="68" hits="10" branch="False" />
            <line number="71" hits="5" branch="False" />
            <line number="72" hits="5" branch="False" />
            <line number="73" hits="5" branch="False" />
            <line number="74" hits="5" branch="False" />
            <line number="75" hits="5" branch="False" />
            <line number="76" hits="5" branch="False" />
            <line number="77" hits="5" branch="False" />
            <line number="78" hits="5" branch="False" />
            <line number="79" hits="5" branch="False" />
            <line number="80" hits="5" branch="False" />
            <line number="32" hits="68" branch="False" />
            <line number="33" hits="68" branch="False" />
            <line number="34" hits="68" branch="False" />
            <line number="35" hits="68" branch="False" />
            <line number="36" hits="68" branch="False" />
            <line number="37" hits="68" branch="False" />
            <line number="38" hits="68" branch="False" />
            <line number="39" hits="68" branch="False" />
            <line number="40" hits="68" branch="False" />
            <line number="41" hits="68" branch="False" />
            <line number="42" hits="68" branch="False" />
            <line number="43" hits="68" branch="False" />
            <line number="44" hits="68" branch="False" />
            <line number="45" hits="68" branch="False" />
            <line number="46" hits="68" branch="False" />
            <line number="47" hits="68" branch="False" />
            <line number="48" hits="68" branch="False" />
            <line number="49" hits="68" branch="False" />
            <line number="50" hits="68" branch="False" />
            <line number="51" hits="68" branch="False" />
            <line number="52" hits="68" branch="False" />
            <line number="53" hits="68" branch="False" />
            <line number="54" hits="68" branch="False" />
          </lines>
        </class>
        <class name="WebTemplate.Core.Services.AuthService/&lt;&gt;c" filename="WebTemplate.Core\Services\AuthService.cs" line-rate="1" branch-rate="1" complexity="7">
          <methods>
            <method name="&lt;RegisterAsync&gt;b__15_0" signature="(Microsoft.AspNetCore.Identity.IdentityError)" line-rate="1" branch-rate="1" complexity="1">
              <lines>
                <line number="224" hits="2" branch="False" />
              </lines>
            </method>
            <method name="&lt;RegisterAsync&gt;b__15_1" signature="(Microsoft.AspNetCore.Identity.IdentityError)" line-rate="1" branch-rate="1" complexity="1">
              <lines>
                <line number="229" hits="1" branch="False" />
              </lines>
            </method>
            <method name="&lt;ConfirmEmailAsync&gt;b__18_0" signature="(Microsoft.AspNetCore.Identity.IdentityError)" line-rate="1" branch-rate="1" complexity="1">
              <lines>
                <line number="505" hits="1" branch="False" />
              </lines>
            </method>
            <method name="&lt;ResetPasswordAsync&gt;b__20_0" signature="(Microsoft.AspNetCore.Identity.IdentityError)" line-rate="1" branch-rate="1" complexity="1">
              <lines>
                <line number="566" hits="1" branch="False" />
              </lines>
            </method>
            <method name="&lt;ChangePasswordAsync&gt;b__21_0" signature="(Microsoft.AspNetCore.Identity.IdentityError)" line-rate="1" branch-rate="1" complexity="1">
              <lines>
                <line number="597" hits="1" branch="False" />
              </lines>
            </method>
            <method name="&lt;ValidateTokenAsync&gt;b__23_0" signature="(System.Security.Claims.Claim)" line-rate="1" branch-rate="1" complexity="1">
              <lines>
                <line number="677" hits="2" branch="False" />
              </lines>
            </method>
            <method name="&lt;ValidateTokenAsync&gt;b__23_1" signature="(System.Linq.IGrouping`2&lt;System.String,System.Security.Claims.Claim&gt;)" line-rate="1" branch-rate="1" complexity="1">
              <lines>
                <line number="678" hits="7" branch="False" />
              </lines>
            </method>
          </methods>
          <lines>
            <line number="224" hits="2" branch="False" />
            <line number="229" hits="1" branch="False" />
            <line number="505" hits="1" branch="False" />
            <line number="566" hits="1" branch="False" />
            <line number="597" hits="1" branch="False" />
            <line number="677" hits="2" branch="False" />
            <line number="678" hits="7" branch="False" />
          </lines>
        </class>
        <class name="WebTemplate.Core.Services.AuthService/&lt;ChangePasswordAsync&gt;d__21" filename="WebTemplate.Core\Services\AuthService.cs" line-rate="0.8095" branch-rate="1" complexity="4">
          <methods>
            <method name="MoveNext" signature="()" line-rate="0.8095" branch-rate="1" complexity="4">
              <lines>
                <line number="581" hits="3" branch="False" />
                <line number="583" hits="3" branch="False" />
                <line number="584" hits="3" branch="False" />
                <line number="585" hits="3" branch="True" condition-coverage="100% (2/2)">
                  <conditions>
                    <condition number="185" type="jump" coverage="100%" />
                  </conditions>
                </line>
                <line number="586" hits="1" branch="False" />
                <line number="587" hits="1" branch="False" />
                <line number="590" hits="2" branch="False" />
                <line number="591" hits="2" branch="True" condition-coverage="100% (2/2)">
                  <conditions>
                    <condition number="406" type="jump" coverage="100%" />
                  </conditions>
                </line>
                <line number="592" hits="1" branch="False" />
                <line number="593" hits="1" branch="False" />
                <line number="594" hits="1" branch="False" />
                <line number="595" hits="1" branch="False" />
                <line number="596" hits="1" branch="False" />
                <line number="598" hits="1" branch="False" />
                <line number="599" hits="1" branch="False" />
                <line number="602" hits="1" branch="False" />
                <line number="604" hits="0" branch="False" />
                <line number="605" hits="0" branch="False" />
                <line number="606" hits="0" branch="False" />
                <line number="607" hits="0" branch="False" />
                <line number="609" hits="3" branch="False" />
              </lines>
            </method>
          </methods>
          <lines>
            <line number="581" hits="3" branch="False" />
            <line number="583" hits="3" branch="False" />
            <line number="584" hits="3" branch="False" />
            <line number="585" hits="3" branch="True" condition-coverage="100% (2/2)">
              <conditions>
                <condition number="185" type="jump" coverage="100%" />
              </conditions>
            </line>
            <line number="586" hits="1" branch="False" />
            <line number="587" hits="1" branch="False" />
            <line number="590" hits="2" branch="False" />
            <line number="591" hits="2" branch="True" condition-coverage="100% (2/2)">
              <conditions>
                <condition number="406" type="jump" coverage="100%" />
              </conditions>
            </line>
            <line number="592" hits="1" branch="False" />
            <line number="593" hits="1" branch="False" />
            <line number="594" hits="1" branch="False" />
            <line number="595" hits="1" branch="False" />
            <line number="596" hits="1" branch="False" />
            <line number="598" hits="1" branch="False" />
            <line number="599" hits="1" branch="False" />
            <line number="602" hits="1" branch="False" />
            <line number="604" hits="0" branch="False" />
            <line number="605" hits="0" branch="False" />
            <line number="606" hits="0" branch="False" />
            <line number="607" hits="0" branch="False" />
            <line number="609" hits="3" branch="False" />
          </lines>
        </class>
        <class name="WebTemplate.Core.Services.AuthService/&lt;ConfirmEmailAsync&gt;d__18" filename="WebTemplate.Core\Services\AuthService.cs" line-rate="0.8332999999999999" branch-rate="1" complexity="6">
          <methods>
            <method name="MoveNext" signature="()" line-rate="0.8332999999999999" branch-rate="1" complexity="6">
              <lines>
                <line number="484" hits="4" branch="False" />
                <line number="486" hits="4" branch="False" />
                <line number="487" hits="4" branch="False" />
                <line number="488" hits="4" branch="True" condition-coverage="100% (2/2)">
                  <conditions>
                    <condition number="190" type="jump" coverage="100%" />
                  </conditions>
                </line>
                <line number="489" hits="1" branch="False" />
                <line number="490" hits="1" branch="False" />
                <line number="493" hits="3" branch="True" condition-coverage="100% (2/2)">
                  <conditions>
                    <condition number="247" type="jump" coverage="100%" />
                  </conditions>
                </line>
                <line number="494" hits="1" branch="False" />
                <line number="495" hits="1" branch="False" />
                <line number="498" hits="2" branch="False" />
                <line number="499" hits="2" branch="True" condition-coverage="100% (2/2)">
                  <conditions>
                    <condition number="457" type="jump" coverage="100%" />
                  </conditions>
                </line>
                <line number="500" hits="1" branch="False" />
                <line number="501" hits="1" branch="False" />
                <line number="502" hits="1" branch="False" />
                <line number="503" hits="1" branch="False" />
                <line number="504" hits="1" branch="False" />
                <line number="506" hits="1" branch="False" />
                <line number="507" hits="1" branch="False" />
                <line number="510" hits="1" branch="False" />
                <line number="512" hits="0" branch="False" />
                <line number="513" hits="0" branch="False" />
                <line number="514" hits="0" branch="False" />
                <line number="515" hits="0" branch="False" />
                <line number="517" hits="4" branch="False" />
              </lines>
            </method>
          </methods>
          <lines>
            <line number="484" hits="4" branch="False" />
            <line number="486" hits="4" branch="False" />
            <line number="487" hits="4" branch="False" />
            <line number="488" hits="4" branch="True" condition-coverage="100% (2/2)">
              <conditions>
                <condition number="190" type="jump" coverage="100%" />
              </conditions>
            </line>
            <line number="489" hits="1" branch="False" />
            <line number="490" hits="1" branch="False" />
            <line number="493" hits="3" branch="True" condition-coverage="100% (2/2)">
              <conditions>
                <condition number="247" type="jump" coverage="100%" />
              </conditions>
            </line>
            <line number="494" hits="1" branch="False" />
            <line number="495" hits="1" branch="False" />
            <line number="498" hits="2" branch="False" />
            <line number="499" hits="2" branch="True" condition-coverage="100% (2/2)">
              <conditions>
                <condition number="457" type="jump" coverage="100%" />
              </conditions>
            </line>
            <line number="500" hits="1" branch="False" />
            <line number="501" hits="1" branch="False" />
            <line number="502" hits="1" branch="False" />
            <line number="503" hits="1" branch="False" />
            <line number="504" hits="1" branch="False" />
            <line number="506" hits="1" branch="False" />
            <line number="507" hits="1" branch="False" />
            <line number="510" hits="1" branch="False" />
            <line number="512" hits="0" branch="False" />
            <line number="513" hits="0" branch="False" />
            <line number="514" hits="0" branch="False" />
            <line number="515" hits="0" branch="False" />
            <line number="517" hits="4" branch="False" />
          </lines>
        </class>
        <class name="WebTemplate.Core.Services.AuthService/&lt;ForgotPasswordAsync&gt;d__19" filename="WebTemplate.Core\Services\AuthService.cs" line-rate="0.75" branch-rate="1" complexity="2">
          <methods>
            <method name="MoveNext" signature="()" line-rate="0.75" branch-rate="1" complexity="2">
              <lines>
                <line number="520" hits="3" branch="False" />
                <line number="522" hits="3" branch="False" />
                <line number="523" hits="3" branch="False" />
                <line number="524" hits="3" branch="True" condition-coverage="100% (2/2)">
                  <conditions>
                    <condition number="204" type="jump" coverage="100%" />
                  </conditions>
                </line>
                <line number="525" hits="1" branch="False" />
                <line number="527" hits="1" branch="False" />
                <line number="530" hits="2" branch="False" />
                <line number="533" hits="2" branch="False" />
                <line number="534" hits="2" branch="False" />
                <line number="537" hits="8" branch="False" />
                <line number="539" hits="2" branch="False" />
                <line number="541" hits="0" branch="False" />
                <line number="542" hits="0" branch="False" />
                <line number="543" hits="0" branch="False" />
                <line number="544" hits="0" branch="False" />
                <line number="546" hits="3" branch="False" />
              </lines>
            </method>
          </methods>
          <lines>
            <line number="520" hits="3" branch="False" />
            <line number="522" hits="3" branch="False" />
            <line number="523" hits="3" branch="False" />
            <line number="524" hits="3" branch="True" condition-coverage="100% (2/2)">
              <conditions>
                <condition number="204" type="jump" coverage="100%" />
              </conditions>
            </line>
            <line number="525" hits="1" branch="False" />
            <line number="527" hits="1" branch="False" />
            <line number="530" hits="2" branch="False" />
            <line number="533" hits="2" branch="False" />
            <line number="534" hits="2" branch="False" />
            <line number="537" hits="8" branch="False" />
            <line number="539" hits="2" branch="False" />
            <line number="541" hits="0" branch="False" />
            <line number="542" hits="0" branch="False" />
            <line number="543" hits="0" branch="False" />
            <line number="544" hits="0" branch="False" />
            <line number="546" hits="3" branch="False" />
          </lines>
        </class>
        <class name="WebTemplate.Core.Services.AuthService/&lt;GetAuthStatusAsync&gt;d__22" filename="WebTemplate.Core\Services\AuthService.cs" line-rate="0.909" branch-rate="0.9" complexity="10">
          <methods>
            <method name="MoveNext" signature="()" line-rate="0.909" branch-rate="0.9" complexity="10">
              <lines>
                <line number="612" hits="5" branch="False" />
                <line number="614" hits="5" branch="False" />
                <line number="615" hits="5" branch="False" />
                <line number="616" hits="5" branch="True" condition-coverage="100% (2/2)">
                  <conditions>
                    <condition number="217" type="jump" coverage="100%" />
                  </conditions>
                </line>
                <line number="617" hits="1" branch="False" />
                <line number="618" hits="1" branch="False" />
                <line number="621" hits="4" branch="False" />
                <line number="624" hits="4" branch="False" />
                <line number="625" hits="4" branch="False" />
                <line number="626" hits="4" branch="True" condition-coverage="100% (2/2)">
                  <conditions>
                    <condition number="571" type="jump" coverage="100%" />
                  </conditions>
                </line>
                <line number="627" hits="1" branch="False" />
                <line number="628" hits="1" branch="False" />
                <line number="629" hits="1" branch="True" condition-coverage="100% (2/2)">
                  <conditions>
                    <condition number="734" type="jump" coverage="100%" />
                  </conditions>
                </line>
                <line number="630" hits="1" branch="False" />
                <line number="631" hits="1" branch="False" />
                <line number="632" hits="1" branch="False" />
                <line number="633" hits="1" branch="False" />
                <line number="635" hits="4" branch="True" condition-coverage="75% (3/4)">
                  <conditions>
                    <condition number="1077" type="jump" coverage="50%" />
                    <condition number="1171" type="jump" coverage="100%" />
                  </conditions>
                </line>
                <line number="636" hits="4" branch="False" />
                <line number="637" hits="4" branch="False" />
                <line number="638" hits="4" branch="False" />
                <line number="639" hits="4" branch="False" />
                <line number="640" hits="4" branch="False" />
                <line number="641" hits="4" branch="False" />
                <line number="642" hits="4" branch="False" />
                <line number="643" hits="4" branch="False" />
                <line number="644" hits="4" branch="False" />
                <line number="645" hits="4" branch="False" />
                <line number="646" hits="4" branch="False" />
                <line number="647" hits="4" branch="False" />
                <line number="648" hits="4" branch="False" />
                <line number="649" hits="4" branch="False" />
                <line number="650" hits="4" branch="False" />
                <line number="651" hits="4" branch="False" />
                <line number="652" hits="4" branch="False" />
                <line number="653" hits="4" branch="False" />
                <line number="654" hits="4" branch="False" />
                <line number="655" hits="4" branch="False" />
                <line number="657" hits="4" branch="False" />
                <line number="659" hits="0" branch="False" />
                <line number="660" hits="0" branch="False" />
                <line number="661" hits="0" branch="False" />
                <line number="662" hits="0" branch="False" />
                <line number="664" hits="5" branch="False" />
              </lines>
            </method>
          </methods>
          <lines>
            <line number="612" hits="5" branch="False" />
            <line number="614" hits="5" branch="False" />
            <line number="615" hits="5" branch="False" />
            <line number="616" hits="5" branch="True" condition-coverage="100% (2/2)">
              <conditions>
                <condition number="217" type="jump" coverage="100%" />
              </conditions>
            </line>
            <line number="617" hits="1" branch="False" />
            <line number="618" hits="1" branch="False" />
            <line number="621" hits="4" branch="False" />
            <line number="624" hits="4" branch="False" />
            <line number="625" hits="4" branch="False" />
            <line number="626" hits="4" branch="True" condition-coverage="100% (2/2)">
              <conditions>
                <condition number="571" type="jump" coverage="100%" />
              </conditions>
            </line>
            <line number="627" hits="1" branch="False" />
            <line number="628" hits="1" branch="False" />
            <line number="629" hits="1" branch="True" condition-coverage="100% (2/2)">
              <conditions>
                <condition number="734" type="jump" coverage="100%" />
              </conditions>
            </line>
            <line number="630" hits="1" branch="False" />
            <line number="631" hits="1" branch="False" />
            <line number="632" hits="1" branch="False" />
            <line number="633" hits="1" branch="False" />
            <line number="635" hits="4" branch="True" condition-coverage="75% (3/4)">
              <conditions>
                <condition number="1077" type="jump" coverage="50%" />
                <condition number="1171" type="jump" coverage="100%" />
              </conditions>
            </line>
            <line number="636" hits="4" branch="False" />
            <line number="637" hits="4" branch="False" />
            <line number="638" hits="4" branch="False" />
            <line number="639" hits="4" branch="False" />
            <line number="640" hits="4" branch="False" />
            <line number="641" hits="4" branch="False" />
            <line number="642" hits="4" branch="False" />
            <line number="643" hits="4" branch="False" />
            <line number="644" hits="4" branch="False" />
            <line number="645" hits="4" branch="False" />
            <line number="646" hits="4" branch="False" />
            <line number="647" hits="4" branch="False" />
            <line number="648" hits="4" branch="False" />
            <line number="649" hits="4" branch="False" />
            <line number="650" hits="4" branch="False" />
            <line number="651" hits="4" branch="False" />
            <line number="652" hits="4" branch="False" />
            <line number="653" hits="4" branch="False" />
            <line number="654" hits="4" branch="False" />
            <line number="655" hits="4" branch="False" />
            <line number="657" hits="4" branch="False" />
            <line number="659" hits="0" branch="False" />
            <line number="660" hits="0" branch="False" />
            <line number="661" hits="0" branch="False" />
            <line number="662" hits="0" branch="False" />
            <line number="664" hits="5" branch="False" />
          </lines>
        </class>
        <class name="WebTemplate.Core.Services.AuthService/&lt;GetEffectivePermissionsAsync&gt;d__13" filename="WebTemplate.Core\Services\AuthService.cs" line-rate="1" branch-rate="1" complexity="4">
          <methods>
            <method name="MoveNext" signature="()" line-rate="1" branch-rate="1" complexity="4">
              <lines>
                <line number="83" hits="15" branch="False" />
                <line number="84" hits="15" branch="True" condition-coverage="100% (2/2)">
                  <conditions>
                    <condition number="36" type="jump" coverage="100%" />
                  </conditions>
                </line>
                <line number="85" hits="7" branch="False" />
                <line number="87" hits="8" branch="False" />
                <line number="88" hits="8" branch="True" condition-coverage="100% (2/2)">
                  <conditions>
                    <condition number="197" type="jump" coverage="100%" />
                  </conditions>
                </line>
                <line number="89" hits="15" branch="False" />
              </lines>
            </method>
          </methods>
          <lines>
            <line number="83" hits="15" branch="False" />
            <line number="84" hits="15" branch="True" condition-coverage="100% (2/2)">
              <conditions>
                <condition number="36" type="jump" coverage="100%" />
              </conditions>
            </line>
            <line number="85" hits="7" branch="False" />
            <line number="87" hits="8" branch="False" />
            <line number="88" hits="8" branch="True" condition-coverage="100% (2/2)">
              <conditions>
                <condition number="197" type="jump" coverage="100%" />
              </conditions>
            </line>
            <line number="89" hits="15" branch="False" />
          </lines>
        </class>
        <class name="WebTemplate.Core.Services.AuthService/&lt;LoginAsync&gt;d__14" filename="WebTemplate.Core\Services\AuthService.cs" line-rate="1" branch-rate="1" complexity="20">
          <methods>
            <method name="MoveNext" signature="()" line-rate="1" branch-rate="1" complexity="20">
              <lines>
                <line number="92" hits="11" branch="False" />
                <line number="94" hits="11" branch="False" />
                <line number="96" hits="11" branch="False" />
                <line number="97" hits="11" branch="True" condition-coverage="100% (6/6)">
                  <conditions>
                    <condition number="242" type="jump" coverage="100%" />
                    <condition number="255" type="jump" coverage="100%" />
                    <condition number="275" type="jump" coverage="100%" />
                  </conditions>
                </line>
                <line number="98" hits="3" branch="False" />
                <line number="99" hits="3" branch="False" />
                <line number="100" hits="3" branch="False" />
                <line number="101" hits="3" branch="False" />
                <line number="102" hits="3" branch="False" />
                <line number="103" hits="3" branch="False" />
                <line number="104" hits="3" branch="False" />
                <line number="105" hits="3" branch="False" />
                <line number="109" hits="8" branch="False" />
                <line number="110" hits="8" branch="True" condition-coverage="100% (2/2)">
                  <conditions>
                    <condition number="528" type="jump" coverage="100%" />
                  </conditions>
                </line>
                <line number="111" hits="2" branch="False" />
                <line number="112" hits="2" branch="False" />
                <line number="113" hits="2" branch="True" condition-coverage="100% (2/2)">
                  <conditions>
                    <condition number="598" type="jump" coverage="100%" />
                  </conditions>
                </line>
                <line number="114" hits="2" branch="False" />
                <line number="115" hits="2" branch="False" />
                <line number="116" hits="2" branch="False" />
                <line number="117" hits="2" branch="False" />
                <line number="118" hits="2" branch="False" />
                <line number="122" hits="4" branch="False" />
                <line number="123" hits="4" branch="False" />
                <line number="126" hits="4" branch="False" />
                <line number="127" hits="4" branch="False" />
                <line number="128" hits="4" branch="False" />
                <line number="130" hits="4" branch="False" />
                <line number="131" hits="4" branch="False" />
                <line number="133" hits="4" branch="True" condition-coverage="100% (2/2)">
                  <conditions>
                    <condition number="1386" type="jump" coverage="100%" />
                  </conditions>
                </line>
                <line number="134" hits="3" branch="False" />
                <line number="135" hits="3" branch="False" />
                <line number="136" hits="3" branch="True" condition-coverage="100% (2/2)">
                  <conditions>
                    <condition number="1549" type="jump" coverage="100%" />
                  </conditions>
                </line>
                <line number="137" hits="2" branch="False" />
                <line number="138" hits="2" branch="False" />
                <line number="139" hits="2" branch="False" />
                <line number="140" hits="3" branch="False" />
                <line number="142" hits="4" branch="True" condition-coverage="100% (6/6)">
                  <conditions>
                    <condition number="1895" type="jump" coverage="100%" />
                    <condition number="1988" type="jump" coverage="100%" />
                    <condition number="2020" type="jump" coverage="100%" />
                  </conditions>
                </line>
                <line number="143" hits="4" branch="False" />
                <line number="144" hits="4" branch="False" />
                <line number="145" hits="4" branch="False" />
                <line number="146" hits="4" branch="False" />
                <line number="147" hits="4" branch="False" />
                <line number="148" hits="4" branch="False" />
                <line number="149" hits="4" branch="False" />
                <line number="150" hits="4" branch="False" />
                <line number="151" hits="4" branch="False" />
                <line number="152" hits="4" branch="False" />
                <line number="153" hits="4" branch="False" />
                <line number="154" hits="4" branch="False" />
                <line number="155" hits="4" branch="False" />
                <line number="156" hits="4" branch="False" />
                <line number="157" hits="4" branch="False" />
                <line number="158" hits="4" branch="False" />
                <line number="159" hits="4" branch="False" />
                <line number="160" hits="4" branch="False" />
                <line number="161" hits="4" branch="False" />
                <line number="162" hits="4" branch="False" />
                <line number="163" hits="4" branch="False" />
                <line number="164" hits="4" branch="False" />
                <line number="165" hits="4" branch="False" />
                <line number="166" hits="4" branch="False" />
                <line number="167" hits="4" branch="False" />
                <line number="168" hits="4" branch="False" />
                <line number="169" hits="4" branch="False" />
                <line number="171" hits="4" branch="False" />
                <line number="172" hits="4" branch="False" />
                <line number="173" hits="4" branch="False" />
                <line number="174" hits="4" branch="False" />
                <line number="175" hits="4" branch="False" />
                <line number="176" hits="4" branch="False" />
                <line number="177" hits="4" branch="False" />
                <line number="179" hits="2" branch="False" />
                <line number="180" hits="2" branch="False" />
                <line number="181" hits="2" branch="False" />
                <line number="182" hits="2" branch="False" />
                <line number="183" hits="2" branch="False" />
                <line number="184" hits="2" branch="False" />
                <line number="185" hits="2" branch="False" />
                <line number="186" hits="2" branch="False" />
                <line number="187" hits="2" branch="False" />
                <line number="189" hits="11" branch="False" />
              </lines>
            </method>
          </methods>
          <lines>
            <line number="92" hits="11" branch="False" />
            <line number="94" hits="11" branch="False" />
            <line number="96" hits="11" branch="False" />
            <line number="97" hits="11" branch="True" condition-coverage="100% (6/6)">
              <conditions>
                <condition number="242" type="jump" coverage="100%" />
                <condition number="255" type="jump" coverage="100%" />
                <condition number="275" type="jump" coverage="100%" />
              </conditions>
            </line>
            <line number="98" hits="3" branch="False" />
            <line number="99" hits="3" branch="False" />
            <line number="100" hits="3" branch="False" />
            <line number="101" hits="3" branch="False" />
            <line number="102" hits="3" branch="False" />
            <line number="103" hits="3" branch="False" />
            <line number="104" hits="3" branch="False" />
            <line number="105" hits="3" branch="False" />
            <line number="109" hits="8" branch="False" />
            <line number="110" hits="8" branch="True" condition-coverage="100% (2/2)">
              <conditions>
                <condition number="528" type="jump" coverage="100%" />
              </conditions>
            </line>
            <line number="111" hits="2" branch="False" />
            <line number="112" hits="2" branch="False" />
            <line number="113" hits="2" branch="True" condition-coverage="100% (2/2)">
              <conditions>
                <condition number="598" type="jump" coverage="100%" />
              </conditions>
            </line>
            <line number="114" hits="2" branch="False" />
            <line number="115" hits="2" branch="False" />
            <line number="116" hits="2" branch="False" />
            <line number="117" hits="2" branch="False" />
            <line number="118" hits="2" branch="False" />
            <line number="122" hits="4" branch="False" />
            <line number="123" hits="4" branch="False" />
            <line number="126" hits="4" branch="False" />
            <line number="127" hits="4" branch="False" />
            <line number="128" hits="4" branch="False" />
            <line number="130" hits="4" branch="False" />
            <line number="131" hits="4" branch="False" />
            <line number="133" hits="4" branch="True" condition-coverage="100% (2/2)">
              <conditions>
                <condition number="1386" type="jump" coverage="100%" />
              </conditions>
            </line>
            <line number="134" hits="3" branch="False" />
            <line number="135" hits="3" branch="False" />
            <line number="136" hits="3" branch="True" condition-coverage="100% (2/2)">
              <conditions>
                <condition number="1549" type="jump" coverage="100%" />
              </conditions>
            </line>
            <line number="137" hits="2" branch="False" />
            <line number="138" hits="2" branch="False" />
            <line number="139" hits="2" branch="False" />
            <line number="140" hits="3" branch="False" />
            <line number="142" hits="4" branch="True" condition-coverage="100% (6/6)">
              <conditions>
                <condition number="1895" type="jump" coverage="100%" />
                <condition number="1988" type="jump" coverage="100%" />
                <condition number="2020" type="jump" coverage="100%" />
              </conditions>
            </line>
            <line number="143" hits="4" branch="False" />
            <line number="144" hits="4" branch="False" />
            <line number="145" hits="4" branch="False" />
            <line number="146" hits="4" branch="False" />
            <line number="147" hits="4" branch="False" />
            <line number="148" hits="4" branch="False" />
            <line number="149" hits="4" branch="False" />
            <line number="150" hits="4" branch="False" />
            <line number="151" hits="4" branch="False" />
            <line number="152" hits="4" branch="False" />
            <line number="153" hits="4" branch="False" />
            <line number="154" hits="4" branch="False" />
            <line number="155" hits="4" branch="False" />
            <line number="156" hits="4" branch="False" />
            <line number="157" hits="4" branch="False" />
            <line number="158" hits="4" branch="False" />
            <line number="159" hits="4" branch="False" />
            <line number="160" hits="4" branch="False" />
            <line number="161" hits="4" branch="False" />
            <line number="162" hits="4" branch="False" />
            <line number="163" hits="4" branch="False" />
            <line number="164" hits="4" branch="False" />
            <line number="165" hits="4" branch="False" />
            <line number="166" hits="4" branch="False" />
            <line number="167" hits="4" branch="False" />
            <line number="168" hits="4" branch="False" />
            <line number="169" hits="4" branch="False" />
            <line number="171" hits="4" branch="False" />
            <line number="172" hits="4" branch="False" />
            <line number="173" hits="4" branch="False" />
            <line number="174" hits="4" branch="False" />
            <line number="175" hits="4" branch="False" />
            <line number="176" hits="4" branch="False" />
            <line number="177" hits="4" branch="False" />
            <line number="179" hits="2" branch="False" />
            <line number="180" hits="2" branch="False" />
            <line number="181" hits="2" branch="False" />
            <line number="182" hits="2" branch="False" />
            <line number="183" hits="2" branch="False" />
            <line number="184" hits="2" branch="False" />
            <line number="185" hits="2" branch="False" />
            <line number="186" hits="2" branch="False" />
            <line number="187" hits="2" branch="False" />
            <line number="189" hits="11" branch="False" />
          </lines>
        </class>
        <class name="WebTemplate.Core.Services.AuthService/&lt;LogoutAsync&gt;d__17" filename="WebTemplate.Core\Services\AuthService.cs" line-rate="0.8043" branch-rate="1" complexity="8">
          <methods>
            <method name="MoveNext" signature="()" line-rate="0.8043" branch-rate="1" complexity="8">
              <lines>
                <line number="424" hits="5" branch="False" />
                <line number="426" hits="5" branch="False" />
                <line number="427" hits="5" branch="True" condition-coverage="100% (2/2)">
                  <conditions>
                    <condition number="71" type="jump" coverage="100%" />
                  </conditions>
                </line>
                <line number="428" hits="4" branch="False" />
                <line number="430" hits="4" branch="False" />
                <line number="431" hits="4" branch="True" condition-coverage="100% (2/2)">
                  <conditions>
                    <condition number="234" type="jump" coverage="100%" />
                  </conditions>
                </line>
                <line number="432" hits="1" branch="False" />
                <line number="433" hits="1" branch="False" />
                <line number="434" hits="1" branch="False" />
                <line number="435" hits="1" branch="False" />
                <line number="436" hits="1" branch="False" />
                <line number="437" hits="1" branch="False" />
                <line number="438" hits="1" branch="False" />
                <line number="442" hits="3" branch="True" condition-coverage="100% (2/2)">
                  <conditions>
                    <condition number="291" type="jump" coverage="100%" />
                  </conditions>
                </line>
                <line number="443" hits="1" branch="False" />
                <line number="444" hits="1" branch="False" />
                <line number="445" hits="1" branch="False" />
                <line number="447" hits="2" branch="False" />
                <line number="448" hits="2" branch="False" />
                <line number="449" hits="2" branch="False" />
                <line number="451" hits="3" branch="True" condition-coverage="100% (2/2)">
                  <conditions>
                    <condition number="589" type="jump" coverage="100%" />
                  </conditions>
                </line>
                <line number="452" hits="1" branch="False" />
                <line number="453" hits="1" branch="False" />
                <line number="454" hits="1" branch="False" />
                <line number="455" hits="1" branch="False" />
                <line number="456" hits="1" branch="False" />
                <line number="457" hits="1" branch="False" />
                <line number="458" hits="1" branch="False" />
                <line number="461" hits="2" branch="False" />
                <line number="462" hits="2" branch="False" />
                <line number="464" hits="3" branch="False" />
                <line number="465" hits="3" branch="False" />
                <line number="466" hits="3" branch="False" />
                <line number="467" hits="3" branch="False" />
                <line number="468" hits="3" branch="False" />
                <line number="469" hits="3" branch="False" />
                <line number="471" hits="0" branch="False" />
                <line number="472" hits="0" branch="False" />
                <line number="473" hits="0" branch="False" />
                <line number="474" hits="0" branch="False" />
                <line number="475" hits="0" branch="False" />
                <line number="476" hits="0" branch="False" />
                <line number="477" hits="0" branch="False" />
                <line number="478" hits="0" branch="False" />
                <line number="479" hits="0" branch="False" />
                <line number="481" hits="5" branch="False" />
              </lines>
            </method>
          </methods>
          <lines>
            <line number="424" hits="5" branch="False" />
            <line number="426" hits="5" branch="False" />
            <line number="427" hits="5" branch="True" condition-coverage="100% (2/2)">
              <conditions>
                <condition number="71" type="jump" coverage="100%" />
              </conditions>
            </line>
            <line number="428" hits="4" branch="False" />
            <line number="430" hits="4" branch="False" />
            <line number="431" hits="4" branch="True" condition-coverage="100% (2/2)">
              <conditions>
                <condition number="234" type="jump" coverage="100%" />
              </conditions>
            </line>
            <line number="432" hits="1" branch="False" />
            <line number="433" hits="1" branch="False" />
            <line number="434" hits="1" branch="False" />
            <line number="435" hits="1" branch="False" />
            <line number="436" hits="1" branch="False" />
            <line number="437" hits="1" branch="False" />
            <line number="438" hits="1" branch="False" />
            <line number="442" hits="3" branch="True" condition-coverage="100% (2/2)">
              <conditions>
                <condition number="291" type="jump" coverage="100%" />
              </conditions>
            </line>
            <line number="443" hits="1" branch="False" />
            <line number="444" hits="1" branch="False" />
            <line number="445" hits="1" branch="False" />
            <line number="447" hits="2" branch="False" />
            <line number="448" hits="2" branch="False" />
            <line number="449" hits="2" branch="False" />
            <line number="451" hits="3" branch="True" condition-coverage="100% (2/2)">
              <conditions>
                <condition number="589" type="jump" coverage="100%" />
              </conditions>
            </line>
            <line number="452" hits="1" branch="False" />
            <line number="453" hits="1" branch="False" />
            <line number="454" hits="1" branch="False" />
            <line number="455" hits="1" branch="False" />
            <line number="456" hits="1" branch="False" />
            <line number="457" hits="1" branch="False" />
            <line number="458" hits="1" branch="False" />
            <line number="461" hits="2" branch="False" />
            <line number="462" hits="2" branch="False" />
            <line number="464" hits="3" branch="False" />
            <line number="465" hits="3" branch="False" />
            <line number="466" hits="3" branch="False" />
            <line number="467" hits="3" branch="False" />
            <line number="468" hits="3" branch="False" />
            <line number="469" hits="3" branch="False" />
            <line number="471" hits="0" branch="False" />
            <line number="472" hits="0" branch="False" />
            <line number="473" hits="0" branch="False" />
            <line number="474" hits="0" branch="False" />
            <line number="475" hits="0" branch="False" />
            <line number="476" hits="0" branch="False" />
            <line number="477" hits="0" branch="False" />
            <line number="478" hits="0" branch="False" />
            <line number="479" hits="0" branch="False" />
            <line number="481" hits="5" branch="False" />
          </lines>
        </class>
        <class name="WebTemplate.Core.Services.AuthService/&lt;RefreshTokenAsync&gt;d__16" filename="WebTemplate.Core\Services\AuthService.cs" line-rate="0.8767" branch-rate="1" complexity="14">
          <methods>
            <method name="MoveNext" signature="()" line-rate="0.8767" branch-rate="1" complexity="14">
              <lines>
                <line number="337" hits="6" branch="False" />
                <line number="339" hits="6" branch="False" />
                <line number="340" hits="6" branch="False" />
                <line number="341" hits="6" branch="True" condition-coverage="100% (2/2)">
                  <conditions>
                    <condition number="242" type="jump" coverage="100%" />
                  </conditions>
                </line>
                <line number="342" hits="1" branch="False" />
                <line number="343" hits="1" branch="False" />
                <line number="344" hits="1" branch="False" />
                <line number="345" hits="1" branch="False" />
                <line number="346" hits="1" branch="False" />
                <line number="347" hits="1" branch="False" />
                <line number="348" hits="1" branch="False" />
                <line number="351" hits="5" branch="False" />
                <line number="352" hits="5" branch="True" condition-coverage="100% (6/6)">
                  <conditions>
                    <condition number="429" type="jump" coverage="100%" />
                    <condition number="442" type="jump" coverage="100%" />
                    <condition number="462" type="jump" coverage="100%" />
                  </conditions>
                </line>
                <line number="353" hits="2" branch="False" />
                <line number="354" hits="2" branch="False" />
                <line number="355" hits="2" branch="False" />
                <line number="356" hits="2" branch="False" />
                <line number="357" hits="2" branch="False" />
                <line number="358" hits="2" branch="False" />
                <line number="359" hits="2" branch="False" />
                <line number="363" hits="3" branch="False" />
                <line number="364" hits="3" branch="False" />
                <line number="365" hits="3" branch="False" />
                <line number="367" hits="3" branch="False" />
                <line number="369" hits="3" branch="False" />
                <line number="370" hits="3" branch="True" condition-coverage="100% (2/2)">
                  <conditions>
                    <condition number="1111" type="jump" coverage="100%" />
                  </conditions>
                </line>
                <line number="371" hits="2" branch="False" />
                <line number="372" hits="2" branch="False" />
                <line number="373" hits="2" branch="True" condition-coverage="100% (2/2)">
                  <conditions>
                    <condition number="1274" type="jump" coverage="100%" />
                  </conditions>
                </line>
                <line number="374" hits="1" branch="False" />
                <line number="375" hits="1" branch="False" />
                <line number="376" hits="1" branch="False" />
                <line number="377" hits="2" branch="False" />
                <line number="379" hits="3" branch="True" condition-coverage="100% (2/2)">
                  <conditions>
                    <condition number="1620" type="jump" coverage="100%" />
                  </conditions>
                </line>
                <line number="380" hits="3" branch="False" />
                <line number="381" hits="3" branch="False" />
                <line number="382" hits="3" branch="False" />
                <line number="383" hits="3" branch="False" />
                <line number="384" hits="3" branch="False" />
                <line number="385" hits="3" branch="False" />
                <line number="386" hits="3" branch="False" />
                <line number="387" hits="3" branch="False" />
                <line number="388" hits="3" branch="False" />
                <line number="389" hits="3" branch="False" />
                <line number="390" hits="3" branch="False" />
                <line number="391" hits="3" branch="False" />
                <line number="392" hits="3" branch="False" />
                <line number="393" hits="3" branch="False" />
                <line number="394" hits="3" branch="False" />
                <line number="395" hits="3" branch="False" />
                <line number="396" hits="3" branch="False" />
                <line number="397" hits="3" branch="False" />
                <line number="398" hits="3" branch="False" />
                <line number="399" hits="3" branch="False" />
                <line number="400" hits="3" branch="False" />
                <line number="401" hits="3" branch="False" />
                <line number="402" hits="3" branch="False" />
                <line number="404" hits="3" branch="False" />
                <line number="405" hits="3" branch="False" />
                <line number="406" hits="3" branch="False" />
                <line number="407" hits="3" branch="False" />
                <line number="408" hits="3" branch="False" />
                <line number="409" hits="3" branch="False" />
                <line number="411" hits="0" branch="False" />
                <line number="412" hits="0" branch="False" />
                <line number="413" hits="0" branch="False" />
                <line number="414" hits="0" branch="False" />
                <line number="415" hits="0" branch="False" />
                <line number="416" hits="0" branch="False" />
                <line number="417" hits="0" branch="False" />
                <line number="418" hits="0" branch="False" />
                <line number="419" hits="0" branch="False" />
                <line number="421" hits="6" branch="False" />
              </lines>
            </method>
          </methods>
          <lines>
            <line number="337" hits="6" branch="False" />
            <line number="339" hits="6" branch="False" />
            <line number="340" hits="6" branch="False" />
            <line number="341" hits="6" branch="True" condition-coverage="100% (2/2)">
              <conditions>
                <condition number="242" type="jump" coverage="100%" />
              </conditions>
            </line>
            <line number="342" hits="1" branch="False" />
            <line number="343" hits="1" branch="False" />
            <line number="344" hits="1" branch="False" />
            <line number="345" hits="1" branch="False" />
            <line number="346" hits="1" branch="False" />
            <line number="347" hits="1" branch="False" />
            <line number="348" hits="1" branch="False" />
            <line number="351" hits="5" branch="False" />
            <line number="352" hits="5" branch="True" condition-coverage="100% (6/6)">
              <conditions>
                <condition number="429" type="jump" coverage="100%" />
                <condition number="442" type="jump" coverage="100%" />
                <condition number="462" type="jump" coverage="100%" />
              </conditions>
            </line>
            <line number="353" hits="2" branch="False" />
            <line number="354" hits="2" branch="False" />
            <line number="355" hits="2" branch="False" />
            <line number="356" hits="2" branch="False" />
            <line number="357" hits="2" branch="False" />
            <line number="358" hits="2" branch="False" />
            <line number="359" hits="2" branch="False" />
            <line number="363" hits="3" branch="False" />
            <line number="364" hits="3" branch="False" />
            <line number="365" hits="3" branch="False" />
            <line number="367" hits="3" branch="False" />
            <line number="369" hits="3" branch="False" />
            <line number="370" hits="3" branch="True" condition-coverage="100% (2/2)">
              <conditions>
                <condition number="1111" type="jump" coverage="100%" />
              </conditions>
            </line>
            <line number="371" hits="2" branch="False" />
            <line number="372" hits="2" branch="False" />
            <line number="373" hits="2" branch="True" condition-coverage="100% (2/2)">
              <conditions>
                <condition number="1274" type="jump" coverage="100%" />
              </conditions>
            </line>
            <line number="374" hits="1" branch="False" />
            <line number="375" hits="1" branch="False" />
            <line number="376" hits="1" branch="False" />
            <line number="377" hits="2" branch="False" />
            <line number="379" hits="3" branch="True" condition-coverage="100% (2/2)">
              <conditions>
                <condition number="1620" type="jump" coverage="100%" />
              </conditions>
            </line>
            <line number="380" hits="3" branch="False" />
            <line number="381" hits="3" branch="False" />
            <line number="382" hits="3" branch="False" />
            <line number="383" hits="3" branch="False" />
            <line number="384" hits="3" branch="False" />
            <line number="385" hits="3" branch="False" />
            <line number="386" hits="3" branch="False" />
            <line number="387" hits="3" branch="False" />
            <line number="388" hits="3" branch="False" />
            <line number="389" hits="3" branch="False" />
            <line number="390" hits="3" branch="False" />
            <line number="391" hits="3" branch="False" />
            <line number="392" hits="3" branch="False" />
            <line number="393" hits="3" branch="False" />
            <line number="394" hits="3" branch="False" />
            <line number="395" hits="3" branch="False" />
            <line number="396" hits="3" branch="False" />
            <line number="397" hits="3" branch="False" />
            <line number="398" hits="3" branch="False" />
            <line number="399" hits="3" branch="False" />
            <line number="400" hits="3" branch="False" />
            <line number="401" hits="3" branch="False" />
            <line number="402" hits="3" branch="False" />
            <line number="404" hits="3" branch="False" />
            <line number="405" hits="3" branch="False" />
            <line number="406" hits="3" branch="False" />
            <line number="407" hits="3" branch="False" />
            <line number="408" hits="3" branch="False" />
            <line number="409" hits="3" branch="False" />
            <line number="411" hits="0" branch="False" />
            <line number="412" hits="0" branch="False" />
            <line number="413" hits="0" branch="False" />
            <line number="414" hits="0" branch="False" />
            <line number="415" hits="0" branch="False" />
            <line number="416" hits="0" branch="False" />
            <line number="417" hits="0" branch="False" />
            <line number="418" hits="0" branch="False" />
            <line number="419" hits="0" branch="False" />
            <line number="421" hits="6" branch="False" />
          </lines>
        </class>
        <class name="WebTemplate.Core.Services.AuthService/&lt;RegisterAsync&gt;d__15" filename="WebTemplate.Core\Services\AuthService.cs" line-rate="0.9203" branch-rate="0.9375" complexity="16">
          <methods>
            <method name="MoveNext" signature="()" line-rate="0.9203" branch-rate="0.9375" complexity="16">
              <lines>
                <line number="192" hits="10" branch="False" />
                <line number="194" hits="10" branch="False" />
                <line number="196" hits="10" branch="False" />
                <line number="197" hits="10" branch="True" condition-coverage="100% (2/2)">
                  <conditions>
                    <condition number="263" type="jump" coverage="100%" />
                  </conditions>
                </line>
                <line number="198" hits="1" branch="False" />
                <line number="199" hits="1" branch="False" />
                <line number="200" hits="1" branch="False" />
                <line number="201" hits="1" branch="False" />
                <line number="202" hits="1" branch="False" />
                <line number="203" hits="1" branch="False" />
                <line number="204" hits="1" branch="False" />
                <line number="208" hits="9" branch="False" />
                <line number="209" hits="9" branch="False" />
                <line number="210" hits="9" branch="False" />
                <line number="211" hits="9" branch="False" />
                <line number="212" hits="9" branch="False" />
                <line number="213" hits="9" branch="False" />
                <line number="214" hits="9" branch="False" />
                <line number="215" hits="9" branch="False" />
                <line number="216" hits="9" branch="False" />
                <line number="217" hits="9" branch="False" />
                <line number="218" hits="9" branch="False" />
                <line number="219" hits="9" branch="False" />
                <line number="221" hits="9" branch="False" />
                <line number="222" hits="9" branch="True" condition-coverage="100% (2/2)">
                  <conditions>
                    <condition number="643" type="jump" coverage="100%" />
                  </conditions>
                </line>
                <line number="223" hits="1" branch="False" />
                <line number="225" hits="1" branch="False" />
                <line number="226" hits="1" branch="False" />
                <line number="227" hits="1" branch="False" />
                <line number="228" hits="1" branch="False" />
                <line number="230" hits="1" branch="False" />
                <line number="231" hits="1" branch="False" />
                <line number="235" hits="8" branch="False" />
                <line number="238" hits="8" branch="True" condition-coverage="100% (2/2)">
                  <conditions>
                    <condition number="994" type="jump" coverage="100%" />
                  </conditions>
                </line>
                <line number="239" hits="4" branch="False" />
                <line number="241" hits="4" branch="False" />
                <line number="242" hits="4" branch="False" />
                <line number="243" hits="4" branch="False" />
                <line number="246" hits="4" branch="True" condition-coverage="100% (2/2)">
                  <conditions>
                    <condition number="1199" type="jump" coverage="100%" />
                  </conditions>
                </line>
                <line number="247" hits="4" branch="True" condition-coverage="50% (1/2)">
                  <conditions>
                    <condition number="1258" type="jump" coverage="50%" />
                  </conditions>
                </line>
                <line number="248" hits="4" branch="False" />
                <line number="250" hits="4" branch="False" />
                <line number="251" hits="4" branch="False" />
                <line number="252" hits="4" branch="False" />
                <line number="253" hits="4" branch="False" />
                <line number="254" hits="4" branch="False" />
                <line number="256" hits="4" branch="False" />
                <line number="257" hits="3" branch="False" />
                <line number="258" hits="1" branch="False" />
                <line number="259" hits="1" branch="False" />
                <line number="260" hits="1" branch="False" />
                <line number="262" hits="1" branch="False" />
                <line number="264" hits="4" branch="False" />
                <line number="265" hits="4" branch="False" />
                <line number="266" hits="4" branch="False" />
                <line number="267" hits="4" branch="False" />
                <line number="268" hits="4" branch="False" />
                <line number="269" hits="4" branch="False" />
                <line number="270" hits="4" branch="False" />
                <line number="274" hits="4" branch="False" />
                <line number="275" hits="4" branch="False" />
                <line number="276" hits="4" branch="False" />
                <line number="277" hits="4" branch="False" />
                <line number="279" hits="4" branch="False" />
                <line number="281" hits="4" branch="False" />
                <line number="282" hits="4" branch="True" condition-coverage="100% (2/2)">
                  <conditions>
                    <condition number="2502" type="jump" coverage="100%" />
                  </conditions>
                </line>
                <line number="283" hits="2" branch="False" />
                <line number="284" hits="2" branch="False" />
                <line number="285" hits="2" branch="True" condition-coverage="100% (2/2)">
                  <conditions>
                    <condition number="2666" type="jump" coverage="100%" />
                  </conditions>
                </line>
                <line number="286" hits="1" branch="False" />
                <line number="287" hits="1" branch="False" />
                <line number="288" hits="1" branch="False" />
                <line number="289" hits="2" branch="False" />
                <line number="291" hits="4" branch="True" condition-coverage="100% (2/2)">
                  <conditions>
                    <condition number="2994" type="jump" coverage="100%" />
                  </conditions>
                </line>
                <line number="292" hits="4" branch="False" />
                <line number="293" hits="4" branch="False" />
                <line number="294" hits="4" branch="False" />
                <line number="295" hits="4" branch="False" />
                <line number="296" hits="4" branch="False" />
                <line number="297" hits="4" branch="False" />
                <line number="298" hits="4" branch="False" />
                <line number="299" hits="4" branch="False" />
                <line number="300" hits="4" branch="False" />
                <line number="301" hits="4" branch="False" />
                <line number="302" hits="4" branch="False" />
                <line number="303" hits="4" branch="False" />
                <line number="304" hits="4" branch="False" />
                <line number="305" hits="4" branch="False" />
                <line number="306" hits="4" branch="False" />
                <line number="307" hits="4" branch="False" />
                <line number="308" hits="4" branch="False" />
                <line number="309" hits="4" branch="False" />
                <line number="310" hits="4" branch="False" />
                <line number="311" hits="4" branch="False" />
                <line number="312" hits="4" branch="False" />
                <line number="313" hits="4" branch="False" />
                <line number="315" hits="4" branch="False" />
                <line number="316" hits="4" branch="False" />
                <line number="317" hits="4" branch="False" />
                <line number="318" hits="4" branch="False" />
                <line number="319" hits="4" branch="False" />
                <line number="320" hits="4" branch="False" />
                <line number="321" hits="4" branch="False" />
                <line number="324" hits="0" branch="False" />
                <line number="325" hits="0" branch="False" />
                <line number="326" hits="0" branch="False" />
                <line number="327" hits="0" branch="False" />
                <line number="328" hits="0" branch="False" />
                <line number="329" hits="0" branch="False" />
                <line number="330" hits="0" branch="False" />
                <line number="331" hits="0" branch="False" />
                <line number="332" hits="0" branch="False" />
                <line number="334" hits="10" branch="False" />
              </lines>
            </method>
          </methods>
          <lines>
            <line number="192" hits="10" branch="False" />
            <line number="194" hits="10" branch="False" />
            <line number="196" hits="10" branch="False" />
            <line number="197" hits="10" branch="True" condition-coverage="100% (2/2)">
              <conditions>
                <condition number="263" type="jump" coverage="100%" />
              </conditions>
            </line>
            <line number="198" hits="1" branch="False" />
            <line number="199" hits="1" branch="False" />
            <line number="200" hits="1" branch="False" />
            <line number="201" hits="1" branch="False" />
            <line number="202" hits="1" branch="False" />
            <line number="203" hits="1" branch="False" />
            <line number="204" hits="1" branch="False" />
            <line number="208" hits="9" branch="False" />
            <line number="209" hits="9" branch="False" />
            <line number="210" hits="9" branch="False" />
            <line number="211" hits="9" branch="False" />
            <line number="212" hits="9" branch="False" />
            <line number="213" hits="9" branch="False" />
            <line number="214" hits="9" branch="False" />
            <line number="215" hits="9" branch="False" />
            <line number="216" hits="9" branch="False" />
            <line number="217" hits="9" branch="False" />
            <line number="218" hits="9" branch="False" />
            <line number="219" hits="9" branch="False" />
            <line number="221" hits="9" branch="False" />
            <line number="222" hits="9" branch="True" condition-coverage="100% (2/2)">
              <conditions>
                <condition number="643" type="jump" coverage="100%" />
              </conditions>
            </line>
            <line number="223" hits="1" branch="False" />
            <line number="225" hits="1" branch="False" />
            <line number="226" hits="1" branch="False" />
            <line number="227" hits="1" branch="False" />
            <line number="228" hits="1" branch="False" />
            <line number="230" hits="1" branch="False" />
            <line number="231" hits="1" branch="False" />
            <line number="235" hits="8" branch="False" />
            <line number="238" hits="8" branch="True" condition-coverage="100% (2/2)">
              <conditions>
                <condition number="994" type="jump" coverage="100%" />
              </conditions>
            </line>
            <line number="239" hits="4" branch="False" />
            <line number="241" hits="4" branch="False" />
            <line number="242" hits="4" branch="False" />
            <line number="243" hits="4" branch="False" />
            <line number="246" hits="4" branch="True" condition-coverage="100% (2/2)">
              <conditions>
                <condition number="1199" type="jump" coverage="100%" />
              </conditions>
            </line>
            <line number="247" hits="4" branch="True" condition-coverage="50% (1/2)">
              <conditions>
                <condition number="1258" type="jump" coverage="50%" />
              </conditions>
            </line>
            <line number="248" hits="4" branch="False" />
            <line number="250" hits="4" branch="False" />
            <line number="251" hits="4" branch="False" />
            <line number="252" hits="4" branch="False" />
            <line number="253" hits="4" branch="False" />
            <line number="254" hits="4" branch="False" />
            <line number="256" hits="4" branch="False" />
            <line number="257" hits="3" branch="False" />
            <line number="258" hits="1" branch="False" />
            <line number="259" hits="1" branch="False" />
            <line number="260" hits="1" branch="False" />
            <line number="262" hits="1" branch="False" />
            <line number="264" hits="4" branch="False" />
            <line number="265" hits="4" branch="False" />
            <line number="266" hits="4" branch="False" />
            <line number="267" hits="4" branch="False" />
            <line number="268" hits="4" branch="False" />
            <line number="269" hits="4" branch="False" />
            <line number="270" hits="4" branch="False" />
            <line number="274" hits="4" branch="False" />
            <line number="275" hits="4" branch="False" />
            <line number="276" hits="4" branch="False" />
            <line number="277" hits="4" branch="False" />
            <line number="279" hits="4" branch="False" />
            <line number="281" hits="4" branch="False" />
            <line number="282" hits="4" branch="True" condition-coverage="100% (2/2)">
              <conditions>
                <condition number="2502" type="jump" coverage="100%" />
              </conditions>
            </line>
            <line number="283" hits="2" branch="False" />
            <line number="284" hits="2" branch="False" />
            <line number="285" hits="2" branch="True" condition-coverage="100% (2/2)">
              <conditions>
                <condition number="2666" type="jump" coverage="100%" />
              </conditions>
            </line>
            <line number="286" hits="1" branch="False" />
            <line number="287" hits="1" branch="False" />
            <line number="288" hits="1" branch="False" />
            <line number="289" hits="2" branch="False" />
            <line number="291" hits="4" branch="True" condition-coverage="100% (2/2)">
              <conditions>
                <condition number="2994" type="jump" coverage="100%" />
              </conditions>
            </line>
            <line number="292" hits="4" branch="False" />
            <line number="293" hits="4" branch="False" />
            <line number="294" hits="4" branch="False" />
            <line number="295" hits="4" branch="False" />
            <line number="296" hits="4" branch="False" />
            <line number="297" hits="4" branch="False" />
            <line number="298" hits="4" branch="False" />
            <line number="299" hits="4" branch="False" />
            <line number="300" hits="4" branch="False" />
            <line number="301" hits="4" branch="False" />
            <line number="302" hits="4" branch="False" />
            <line number="303" hits="4" branch="False" />
            <line number="304" hits="4" branch="False" />
            <line number="305" hits="4" branch="False" />
            <line number="306" hits="4" branch="False" />
            <line number="307" hits="4" branch="False" />
            <line number="308" hits="4" branch="False" />
            <line number="309" hits="4" branch="False" />
            <line number="310" hits="4" branch="False" />
            <line number="311" hits="4" branch="False" />
            <line number="312" hits="4" branch="False" />
            <line number="313" hits="4" branch="False" />
            <line number="315" hits="4" branch="False" />
            <line number="316" hits="4" branch="False" />
            <line number="317" hits="4" branch="False" />
            <line number="318" hits="4" branch="False" />
            <line number="319" hits="4" branch="False" />
            <line number="320" hits="4" branch="False" />
            <line number="321" hits="4" branch="False" />
            <line number="324" hits="0" branch="False" />
            <line number="325" hits="0" branch="False" />
            <line number="326" hits="0" branch="False" />
            <line number="327" hits="0" branch="False" />
            <line number="328" hits="0" branch="False" />
            <line number="329" hits="0" branch="False" />
            <line number="330" hits="0" branch="False" />
            <line number="331" hits="0" branch="False" />
            <line number="332" hits="0" branch="False" />
            <line number="334" hits="10" branch="False" />
          </lines>
        </class>
        <class name="WebTemplate.Core.Services.AuthService/&lt;ResetPasswordAsync&gt;d__20" filename="WebTemplate.Core\Services\AuthService.cs" line-rate="0.8095" branch-rate="1" complexity="4">
          <methods>
            <method name="MoveNext" signature="()" line-rate="0.8095" branch-rate="1" complexity="4">
              <lines>
                <line number="549" hits="3" branch="False" />
                <line number="551" hits="3" branch="False" />
[...]
          <methods>
            <method name="MoveNext" signature="()" line-rate="0" branch-rate="1" complexity="1">
              <lines>
                <line number="40" hits="0" branch="False" />
                <line number="41" hits="0" branch="False" />
                <line number="42" hits="0" branch="False" />
                <line number="43" hits="0" branch="False" />
              </lines>
            </method>
          </methods>
          <lines>
            <line number="40" hits="0" branch="False" />
            <line number="41" hits="0" branch="False" />
            <line number="42" hits="0" branch="False" />
            <line number="43" hits="0" branch="False" />
          </lines>
        </class>
        <class name="WebTemplate.Data.Repositories.RefreshTokenRepository/&lt;DeleteRangeAsync&gt;d__6" filename="WebTemplate.Data\Repositories\RefreshTokenRepository.cs" line-rate="0" branch-rate="1" complexity="1">
          <methods>
            <method name="MoveNext" signature="()" line-rate="0" branch-rate="1" complexity="1">
              <lines>
                <line number="46" hits="0" branch="False" />
                <line number="47" hits="0" branch="False" />
                <line number="48" hits="0" branch="False" />
                <line number="49" hits="0" branch="False" />
              </lines>
            </method>
          </methods>
          <lines>
            <line number="46" hits="0" branch="False" />
            <line number="47" hits="0" branch="False" />
            <line number="48" hits="0" branch="False" />
            <line number="49" hits="0" branch="False" />
          </lines>
        </class>
        <class name="WebTemplate.Data.Repositories.RefreshTokenRepository/&lt;GetActiveTokensByUserIdAsync&gt;d__9" filename="WebTemplate.Data\Repositories\RefreshTokenRepository.cs" line-rate="0" branch-rate="1" complexity="1">
          <methods>
            <method name="MoveNext" signature="()" line-rate="0" branch-rate="1" complexity="1">
              <lines>
                <line number="67" hits="0" branch="False" />
                <line number="68" hits="0" branch="False" />
                <line number="69" hits="0" branch="False" />
                <line number="70" hits="0" branch="False" />
                <line number="71" hits="0" branch="False" />
                <line number="72" hits="0" branch="False" />
                <line number="73" hits="0" branch="False" />
                <line number="74" hits="0" branch="False" />
              </lines>
            </method>
          </methods>
          <lines>
            <line number="67" hits="0" branch="False" />
            <line number="68" hits="0" branch="False" />
            <line number="69" hits="0" branch="False" />
            <line number="70" hits="0" branch="False" />
            <line number="71" hits="0" branch="False" />
            <line number="72" hits="0" branch="False" />
            <line number="73" hits="0" branch="False" />
            <line number="74" hits="0" branch="False" />
          </lines>
        </class>
        <class name="WebTemplate.Data.Repositories.RefreshTokenRepository/&lt;GetByTokenAsync&gt;d__7" filename="WebTemplate.Data\Repositories\RefreshTokenRepository.cs" line-rate="0" branch-rate="1" complexity="1">
          <methods>
            <method name="MoveNext" signature="()" line-rate="0" branch-rate="1" complexity="1">
              <lines>
                <line number="52" hits="0" branch="False" />
                <line number="53" hits="0" branch="False" />
                <line number="54" hits="0" branch="False" />
                <line number="55" hits="0" branch="False" />
                <line number="56" hits="0" branch="False" />
              </lines>
            </method>
          </methods>
          <lines>
            <line number="52" hits="0" branch="False" />
            <line number="53" hits="0" branch="False" />
            <line number="54" hits="0" branch="False" />
            <line number="55" hits="0" branch="False" />
            <line number="56" hits="0" branch="False" />
          </lines>
        </class>
        <class name="WebTemplate.Data.Repositories.RefreshTokenRepository/&lt;GetExpiredTokensAsync&gt;d__10" filename="WebTemplate.Data\Repositories\RefreshTokenRepository.cs" line-rate="0" branch-rate="1" complexity="1">
          <methods>
            <method name="MoveNext" signature="()" line-rate="0" branch-rate="1" complexity="1">
              <lines>
                <line number="77" hits="0" branch="False" />
                <line number="78" hits="0" branch="False" />
                <line number="79" hits="0" branch="False" />
                <line number="80" hits="0" branch="False" />
                <line number="81" hits="0" branch="False" />
              </lines>
            </method>
          </methods>
          <lines>
            <line number="77" hits="0" branch="False" />
            <line number="78" hits="0" branch="False" />
            <line number="79" hits="0" branch="False" />
            <line number="80" hits="0" branch="False" />
            <line number="81" hits="0" branch="False" />
          </lines>
        </class>
        <class name="WebTemplate.Data.Repositories.RefreshTokenRepository/&lt;GetTokensByUserIdAsync&gt;d__8" filename="WebTemplate.Data\Repositories\RefreshTokenRepository.cs" line-rate="0" branch-rate="1" complexity="1">
          <methods>
            <method name="MoveNext" signature="()" line-rate="0" branch-rate="1" complexity="1">
              <lines>
                <line number="59" hits="0" branch="False" />
                <line number="60" hits="0" branch="False" />
                <line number="61" hits="0" branch="False" />
                <line number="62" hits="0" branch="False" />
                <line number="63" hits="0" branch="False" />
                <line number="64" hits="0" branch="False" />
              </lines>
            </method>
          </methods>
          <lines>
            <line number="59" hits="0" branch="False" />
            <line number="60" hits="0" branch="False" />
            <line number="61" hits="0" branch="False" />
            <line number="62" hits="0" branch="False" />
            <line number="63" hits="0" branch="False" />
            <line number="64" hits="0" branch="False" />
          </lines>
        </class>
        <class name="WebTemplate.Data.Repositories.RefreshTokenRepository/&lt;GetTokensToCleanupAsync&gt;d__11" filename="WebTemplate.Data\Repositories\RefreshTokenRepository.cs" line-rate="0" branch-rate="1" complexity="1">
          <methods>
            <method name="MoveNext" signature="()" line-rate="0" branch-rate="1" complexity="1">
              <lines>
                <line number="84" hits="0" branch="False" />
                <line number="85" hits="0" branch="False" />
                <line number="86" hits="0" branch="False" />
                <line number="87" hits="0" branch="False" />
                <line number="88" hits="0" branch="False" />
              </lines>
            </method>
          </methods>
          <lines>
            <line number="84" hits="0" branch="False" />
            <line number="85" hits="0" branch="False" />
            <line number="86" hits="0" branch="False" />
            <line number="87" hits="0" branch="False" />
            <line number="88" hits="0" branch="False" />
          </lines>
        </class>
        <class name="WebTemplate.Data.Repositories.RefreshTokenRepository/&lt;UpdateAsync&gt;d__3" filename="WebTemplate.Data\Repositories\RefreshTokenRepository.cs" line-rate="0" branch-rate="1" complexity="1">
          <methods>
            <method name="MoveNext" signature="()" line-rate="0" branch-rate="1" complexity="1">
              <lines>
                <line number="28" hits="0" branch="False" />
                <line number="29" hits="0" branch="False" />
                <line number="30" hits="0" branch="False" />
                <line number="31" hits="0" branch="False" />
              </lines>
            </method>
          </methods>
          <lines>
            <line number="28" hits="0" branch="False" />
            <line number="29" hits="0" branch="False" />
            <line number="30" hits="0" branch="False" />
            <line number="31" hits="0" branch="False" />
          </lines>
        </class>
        <class name="WebTemplate.Data.Repositories.RefreshTokenRepository/&lt;UpdateRangeAsync&gt;d__4" filename="WebTemplate.Data\Repositories\RefreshTokenRepository.cs" line-rate="0" branch-rate="1" complexity="1">
          <methods>
            <method name="MoveNext" signature="()" line-rate="0" branch-rate="1" complexity="1">
              <lines>
                <line number="34" hits="0" branch="False" />
                <line number="35" hits="0" branch="False" />
                <line number="36" hits="0" branch="False" />
                <line number="37" hits="0" branch="False" />
              </lines>
            </method>
          </methods>
          <lines>
            <line number="34" hits="0" branch="False" />
            <line number="35" hits="0" branch="False" />
            <line number="36" hits="0" branch="False" />
            <line number="37" hits="0" branch="False" />
          </lines>
        </class>
        <class name="WebTemplate.Data.Repositories.UserTypeRepository" filename="WebTemplate.Data\Repositories\UserTypeRepository.cs" line-rate="0" branch-rate="1" complexity="1">
          <methods>
            <method name=".ctor" signature="(WebTemplate.Data.Context.ApplicationDbContext)" line-rate="0" branch-rate="1" complexity="1">
              <lines>
                <line number="11" hits="0" branch="False" />
                <line number="12" hits="0" branch="False" />
                <line number="13" hits="0" branch="False" />
                <line number="14" hits="0" branch="False" />
              </lines>
            </method>
          </methods>
          <lines>
            <line number="11" hits="0" branch="False" />
            <line number="12" hits="0" branch="False" />
            <line number="13" hits="0" branch="False" />
            <line number="14" hits="0" branch="False" />
          </lines>
        </class>
        <class name="WebTemplate.Data.Repositories.UserTypeRepository/&lt;GetByIdAsync&gt;d__2" filename="WebTemplate.Data\Repositories\UserTypeRepository.cs" line-rate="0" branch-rate="1" complexity="1">
          <methods>
            <method name="MoveNext" signature="()" line-rate="0" branch-rate="1" complexity="1">
              <lines>
                <line number="17" hits="0" branch="False" />
                <line number="18" hits="0" branch="False" />
                <line number="19" hits="0" branch="False" />
              </lines>
            </method>
          </methods>
          <lines>
            <line number="17" hits="0" branch="False" />
            <line number="18" hits="0" branch="False" />
            <line number="19" hits="0" branch="False" />
          </lines>
        </class>
        <class name="WebTemplate.Data.Context.ApplicationDbContext" filename="WebTemplate.Data\Context\ApplicationDbContext.cs" line-rate="0" branch-rate="1" complexity="4">
          <methods>
            <method name="get_UserTypes" signature="()" line-rate="0" branch-rate="1" complexity="1">
              <lines>
                <line number="13" hits="0" branch="False" />
              </lines>
            </method>
            <method name="get_RefreshTokens" signature="()" line-rate="0" branch-rate="1" complexity="1">
              <lines>
                <line number="14" hits="0" branch="False" />
              </lines>
            </method>
            <method name="OnModelCreating" signature="(Microsoft.EntityFrameworkCore.ModelBuilder)" line-rate="0" branch-rate="1" complexity="1">
              <lines>
                <line number="17" hits="0" branch="False" />
                <line number="18" hits="0" branch="False" />
                <line number="21" hits="0" branch="False" />
                <line number="22" hits="0" branch="False" />
                <line number="23" hits="0" branch="False" />
                <line number="24" hits="0" branch="False" />
                <line number="25" hits="0" branch="False" />
                <line number="26" hits="0" branch="False" />
                <line number="27" hits="0" branch="False" />
                <line number="28" hits="0" branch="False" />
                <line number="29" hits="0" branch="False" />
                <line number="30" hits="0" branch="False" />
                <line number="31" hits="0" branch="False" />
                <line number="32" hits="0" branch="False" />
                <line number="33" hits="0" branch="False" />
                <line number="34" hits="0" branch="False" />
                <line number="35" hits="0" branch="False" />
                <line number="36" hits="0" branch="False" />
                <line number="37" hits="0" branch="False" />
                <line number="38" hits="0" branch="False" />
                <line number="39" hits="0" branch="False" />
                <line number="40" hits="0" branch="False" />
                <line number="41" hits="0" branch="False" />
                <line number="42" hits="0" branch="False" />
                <line number="43" hits="0" branch="False" />
                <line number="44" hits="0" branch="False" />
                <line number="47" hits="0" branch="False" />
                <line number="48" hits="0" branch="False" />
                <line number="49" hits="0" branch="False" />
                <line number="50" hits="0" branch="False" />
                <line number="51" hits="0" branch="False" />
                <line number="52" hits="0" branch="False" />
                <line number="53" hits="0" branch="False" />
                <line number="54" hits="0" branch="False" />
                <line number="55" hits="0" branch="False" />
                <line number="56" hits="0" branch="False" />
                <line number="59" hits="0" branch="False" />
                <line number="60" hits="0" branch="False" />
                <line number="61" hits="0" branch="False" />
                <line number="62" hits="0" branch="False" />
                <line number="63" hits="0" branch="False" />
                <line number="64" hits="0" branch="False" />
                <line number="65" hits="0" branch="False" />
                <line number="66" hits="0" branch="False" />
                <line number="67" hits="0" branch="False" />
                <line number="68" hits="0" branch="False" />
                <line number="69" hits="0" branch="False" />
                <line number="70" hits="0" branch="False" />
                <line number="71" hits="0" branch="False" />
                <line number="72" hits="0" branch="False" />
                <line number="73" hits="0" branch="False" />
                <line number="74" hits="0" branch="False" />
                <line number="75" hits="0" branch="False" />
                <line number="76" hits="0" branch="False" />
                <line number="77" hits="0" branch="False" />
                <line number="78" hits="0" branch="False" />
                <line number="79" hits="0" branch="False" />
                <line number="80" hits="0" branch="False" />
                <line number="81" hits="0" branch="False" />
                <line number="83" hits="0" branch="False" />
              </lines>
            </method>
            <method name=".ctor" signature="(Microsoft.EntityFrameworkCore.DbContextOptions`1&lt;WebTemplate.Data.Context.ApplicationDbContext&gt;)" line-rate="0" branch-rate="1" complexity="1">
              <lines>
                <line number="9" hits="0" branch="False" />
                <line number="10" hits="0" branch="False" />
                <line number="11" hits="0" branch="False" />
              </lines>
            </method>
          </methods>
          <lines>
            <line number="13" hits="0" branch="False" />
            <line number="14" hits="0" branch="False" />
            <line number="17" hits="0" branch="False" />
            <line number="18" hits="0" branch="False" />
            <line number="21" hits="0" branch="False" />
            <line number="22" hits="0" branch="False" />
            <line number="23" hits="0" branch="False" />
            <line number="24" hits="0" branch="False" />
            <line number="25" hits="0" branch="False" />
            <line number="26" hits="0" branch="False" />
            <line number="27" hits="0" branch="False" />
            <line number="28" hits="0" branch="False" />
            <line number="29" hits="0" branch="False" />
            <line number="30" hits="0" branch="False" />
            <line number="31" hits="0" branch="False" />
            <line number="32" hits="0" branch="False" />
            <line number="33" hits="0" branch="False" />
            <line number="34" hits="0" branch="False" />
            <line number="35" hits="0" branch="False" />
            <line number="36" hits="0" branch="False" />
            <line number="37" hits="0" branch="False" />
            <line number="38" hits="0" branch="False" />
            <line number="39" hits="0" branch="False" />
            <line number="40" hits="0" branch="False" />
            <line number="41" hits="0" branch="False" />
            <line number="42" hits="0" branch="False" />
            <line number="43" hits="0" branch="False" />
            <line number="44" hits="0" branch="False" />
            <line number="47" hits="0" branch="False" />
            <line number="48" hits="0" branch="False" />
            <line number="49" hits="0" branch="False" />
            <line number="50" hits="0" branch="False" />
            <line number="51" hits="0" branch="False" />
            <line number="52" hits="0" branch="False" />
            <line number="53" hits="0" branch="False" />
            <line number="54" hits="0" branch="False" />
            <line number="55" hits="0" branch="False" />
            <line number="56" hits="0" branch="False" />
            <line number="59" hits="0" branch="False" />
            <line number="60" hits="0" branch="False" />
            <line number="61" hits="0" branch="False" />
            <line number="62" hits="0" branch="False" />
            <line number="63" hits="0" branch="False" />
            <line number="64" hits="0" branch="False" />
            <line number="65" hits="0" branch="False" />
            <line number="66" hits="0" branch="False" />
            <line number="67" hits="0" branch="False" />
            <line number="68" hits="0" branch="False" />
            <line number="69" hits="0" branch="False" />
            <line number="70" hits="0" branch="False" />
            <line number="71" hits="0" branch="False" />
            <line number="72" hits="0" branch="False" />
            <line number="73" hits="0" branch="False" />
            <line number="74" hits="0" branch="False" />
            <line number="75" hits="0" branch="False" />
            <line number="76" hits="0" branch="False" />
            <line number="77" hits="0" branch="False" />
            <line number="78" hits="0" branch="False" />
            <line number="79" hits="0" branch="False" />
            <line number="80" hits="0" branch="False" />
            <line number="81" hits="0" branch="False" />
            <line number="83" hits="0" branch="False" />
            <line number="9" hits="0" branch="False" />
            <line number="10" hits="0" branch="False" />
            <line number="11" hits="0" branch="False" />
          </lines>
        </class>
      </classes>
    </package>
  </packages>
</coverage>