<?xml version="1.0" encoding="utf-8"?>
<TestRun id="e6bfc3a8-f5c4-49eb-80e7-4e86b6ef9e61" name="avist@STRUL-LAPTOP 2025-11-16 05:10:17" runUser="STRUL-LAPTOP\avist" xmlns="http://microsoft.com/schemas/VisualStudio/TeamTest/2010">
  <Times creation="2025-11-16T05:10:17.2747809+02:00" queuing="2025-11-16T05:10:17.2747826+02:00" start="2025-11-16T05:10:15.3775855+02:00" finish="2025-11-16T05:10:17.7540753+02:00" />
  <TestSettings name="default" id="15e381ae-dd25-47b1-ab8d-8a709d53322b">
    <Deployment runDeploymentRoot="avist_STRUL-LAPTOP_2025-11-16_05_10_17" />
  </TestSettings>
  <Results>
    <UnitTestResult executionId="ac88aa2b-6148-4c94-965b-38e185a02b8c" testId="ab72d369-e962-cdfa-ad3f-2f5a979c07b4" testName="POST /api/usertype - Cannot create duplicate user type" computerName="STRUL-LAPTOP" duration="00:00:00.0010000" startTime="2025-11-16T05:10:17.4104752+02:00" endTime="2025-11-16T05:10:17.4104757+02:00" testType="13cdc9d9-ddb5-4fa4-a97d-d965ccfc6d4b" outcome="Failed" testListId="8c84fa94-04c1-424b-9868-57a2d4851a1d" relativeResultsDirectory="ac88aa2b-6148-4c94-965b-38e185a02b8c">
      <Output>
        <ErrorInfo>
          <Message>System.InvalidOperationException : Required configuration section 'Email' is missing or invalid.</Message>
          <StackTrace>   at WebTemplate.Core.Configuration.CoreConfiguration..ctor(IConfiguration configuration) in C:\Users\avist\source\repos\GitHubLocal\Customers\WebTemplate\Backend\WebTemplate.Core\Configuration\CoreConfiguration.cs:line 25&#xD;
   at WebTemplate.Data.Configuration.DataConfiguration..ctor(IConfiguration configuration) in C:\Users\avist\source\repos\GitHubLocal\Customers\WebTemplate\Backend\WebTemplate.Data\Configuration\DataConfiguration.cs:line 16&#xD;
   at WebTemplate.API.Configuration.ApiConfiguration..ctor(IConfiguration configuration) in C:\Users\avist\source\repos\GitHubLocal\Customers\WebTemplate\Backend\WebTemplate.API\Configuration\ApiConfiguration.cs:line 19&#xD;
   at Program.&lt;&gt;c.&lt;Main&gt;b__0_2(IServiceProvider sp) in C:\Users\avist\source\repos\GitHubLocal\Customers\WebTemplate\Backend\WebTemplate.API\Program.cs:line 129&#xD;
   at Microsoft.Extensions.DependencyInjection.ServiceLookup.CallSiteVisitor`2.VisitCallSiteMain(ServiceCallSite callSite, TArgument argument)&#xD;
   at Microsoft.Extensions.DependencyInjection.ServiceLookup.CallSiteRuntimeResolver.VisitRootCache(ServiceCallSite callSite, RuntimeResolverContext context)&#xD;
   at Microsoft.Extensions.DependencyInjection.ServiceLookup.CallSiteVisitor`2.VisitCallSite(ServiceCallSite callSite, TArgument argument)&#xD;
   at Microsoft.Extensions.DependencyInjection.ServiceLookup.CallSiteRuntimeResolver.Resolve(ServiceCallSite callSite, ServiceProviderEngineScope scope)&#xD;
   at Microsoft.Extensions.DependencyInjection.ServiceProvider.CreateServiceAccessor(ServiceIdentifier serviceIdentifier)&#xD;
   at System.Collections.Concurrent.ConcurrentDictionary`2.GetOrAdd(TKey key, Func`2 valueFactory)&#xD;
   at Microsoft.Extensions.DependencyInjection.ServiceProvider.GetService(ServiceIdentifier serviceIdentifier, ServiceProviderEngineScope serviceProviderEngineScope)&#xD;
   at Microsoft.Extensions.DependencyInjection.ServiceLookup.ServiceProviderEngineScope.GetService(Type serviceType)&#xD;
   at Microsoft.Extensions.DependencyInjection.ServiceProviderServiceExtensions.GetRequiredService(IServiceProvider provider, Type serviceType)&#xD;
   at Microsoft.Extensions.DependencyInjection.ServiceProviderServiceExtensions.GetRequiredService[T](IServiceProvider provider)&#xD;
   at Program.&lt;&gt;c.&lt;Main&gt;b__0_4(IServiceProvider sp) in C:\Users\avist\source\repos\GitHubLocal\Customers\WebTemplate\Backend\WebTemplate.API\Program.cs:line 131&#xD;
   at Microsoft.Extensions.DependencyInjection.ServiceLookup.CallSiteVisitor`2.VisitCallSiteMain(ServiceCallSite callSite, TArgument argument)&#xD;
   at Microsoft.Extensions.DependencyInjection.ServiceLookup.CallSiteRuntimeResolver.VisitRootCache(ServiceCallSite callSite, RuntimeResolverContext context)&#xD;
   at Microsoft.Extensions.DependencyInjection.ServiceLookup.CallSiteVisitor`2.VisitCallSite(ServiceCallSite callSite, TArgument argument)&#xD;
   at Microsoft.Extensions.DependencyInjection.ServiceLookup.CallSiteRuntimeResolver.VisitConstructor(ConstructorCallSite constructorCallSite, RuntimeResolverContext context)&#xD;
   at Microsoft.Extensions.DependencyInjection.ServiceLookup.CallSiteVisitor`2.VisitCallSiteMain(ServiceCallSite callSite, TArgument argument)&#xD;
   at Microsoft.Extensions.DependencyInjection.ServiceLookup.CallSiteRuntimeResolver.VisitRootCache(ServiceCallSite callSite, RuntimeResolverContext context)&#xD;
   at Microsoft.Extensions.DependencyInjection.ServiceLookup.CallSiteVisitor`2.VisitCallSite(ServiceCallSite callSite, TArgument argument)&#xD;
   at Microsoft.Extensions.DependencyInjection.ServiceLookup.CallSiteRuntimeResolver.VisitIEnumerable(IEnumerableCallSite enumerableCallSite, RuntimeResolverContext context)&#xD;
   at Microsoft.Extensions.DependencyInjection.ServiceLookup.CallSiteVisitor`2.VisitCallSiteMain(ServiceCallSite callSite, TArgument argument)&#xD;
   at Microsoft.Extensions.DependencyInjection.ServiceLookup.CallSiteRuntimeResolver.VisitRootCache(ServiceCallSite callSite, RuntimeResolverContext context)&#xD;
   at Microsoft.Extensions.DependencyInjection.ServiceLookup.CallSiteVisitor`2.VisitCallSite(ServiceCallSite callSite, TArgument argument)&#xD;
   at Microsoft.Extensions.DependencyInjection.ServiceLookup.CallSiteRuntimeResolver.Resolve(ServiceCallSite callSite, ServiceProviderEngineScope scope)&#xD;
   at Microsoft.Extensions.DependencyInjection.ServiceProvider.CreateServiceAccessor(ServiceIdentifier serviceIdentifier)&#xD;
   at System.Collections.Concurrent.ConcurrentDictionary`2.GetOrAdd(TKey key, Func`2 valueFactory)&#xD;
   at Microsoft.Extensions.DependencyInjection.ServiceProvider.GetService(ServiceIdentifier serviceIdentifier, ServiceProviderEngineScope serviceProviderEngineScope)&#xD;
   at Microsoft.Extensions.DependencyInjection.ServiceProvider.GetService(Type serviceType)&#xD;
   at Microsoft.Extensions.DependencyInjection.ServiceProviderServiceExtensions.GetRequiredService(IServiceProvider provider, Type serviceType)&#xD;
   at Microsoft.Extensions.DependencyInjection.ServiceProviderServiceExtensions.GetRequiredService[T](IServiceProvider provider)&#xD;
   at Microsoft.Extensions.Hosting.Internal.Host.StartAsync(CancellationToken cancellationToken)&#xD;
   at Microsoft.Extensions.Hosting.HostingAbstractionsHostExtensions.RunAsync(IHost host, CancellationToken token)&#xD;
   at Microsoft.Extensions.Hosting.HostingAbstractionsHostExtensions.RunAsync(IHost host, CancellationToken token)&#xD;
   at Program.Main(String[] args) in C:\Users\avist\source\repos\GitHubLocal\Customers\WebTemplate\Backend\WebTemplate.API\Program.cs:line 178&#xD;
   at Program.&lt;Main&gt;(String[] args)&#xD;
   at System.RuntimeMethodHandle.InvokeMethod(Object target, Void** arguments, Signature sig, Boolean isConstructor)&#xD;
   at System.Reflection.MethodBaseInvoker.InvokeDirectByRefWithFewArgs(Object obj, Span`1 copyOfArgs, BindingFlags invokeAttr)&#xD;
--- End of stack trace from previous location ---&#xD;
   at Microsoft.AspNetCore.Mvc.Testing.DeferredHostBuilder.DeferredHost.StartAsync(CancellationToken cancellationToken)&#xD;
   at Microsoft.Extensions.Hosting.HostingAbstractionsHostExtensions.Start(IHost host)&#xD;
   at Microsoft.AspNetCore.Mvc.Testing.WebApplicationFactory`1.CreateHost(IHostBuilder builder)&#xD;
   at Microsoft.AspNetCore.Mvc.Testing.WebApplicationFactory`1.ConfigureHostBuilder(IHostBuilder hostBuilder)&#xD;
   at Microsoft.AspNetCore.Mvc.Testing.WebApplicationFactory`1.EnsureServer()&#xD;
   at Microsoft.AspNetCore.Mvc.Testing.WebApplicationFactory`1.get_Services()&#xD;
   at WebTemplate.ApiTests.TestWebAppFactory.InitializeDatabaseAsync() in C:\Users\avist\source\repos\GitHubLocal\Customers\WebTemplate\Backend\WebTemplate.ApiTests\TestWebAppFactory.cs:line 134&#xD;
   at WebTemplate.ApiTests.TestWebAppFactory.InitializeAsync() in C:\Users\avist\source\repos\GitHubLocal\Customers\WebTemplate\Backend\WebTemplate.ApiTests\TestWebAppFactory.cs:line 122</StackTrace>
        </ErrorInfo>
      </Output>
    </UnitTestResult>
    <UnitTestResult executionId="75f54af5-31e6-4672-9dbf-6f276959d0d0" testId="ccc57593-c979-6a6b-c2e4-ae6c960f38c5" testName="GET /api/user/profile - Returns current user profile" computerName="STRUL-LAPTOP" duration="00:00:00.0010000" startTime="2025-11-16T05:10:17.1669127+02:00" endTime="2025-11-16T05:10:17.1669131+02:00" testType="13cdc9d9-ddb5-4fa4-a97d-d965ccfc6d4b" outcome="Failed" testListId="8c84fa94-04c1-424b-9868-57a2d4851a1d" relativeResultsDirectory="75f54af5-31e6-4672-9dbf-6f276959d0d0">
      <Output>
        <ErrorInfo>
          <Message>System.InvalidOperationException : Required configuration section 'Email' is missing or invalid.</Message>
          <StackTrace>   at WebTemplate.Core.Configuration.CoreConfiguration..ctor(IConfiguration configuration) in C:\Users\avist\source\repos\GitHubLocal\Customers\WebTemplate\Backend\WebTemplate.Core\Configuration\CoreConfiguration.cs:line 25&#xD;
   at WebTemplate.Data.Configuration.DataConfiguration..ctor(IConfiguration configuration) in C:\Users\avist\source\repos\GitHubLocal\Customers\WebTemplate\Backend\WebTemplate.Data\Configuration\DataConfiguration.cs:line 16&#xD;
   at WebTemplate.API.Configuration.ApiConfiguration..ctor(IConfiguration configuration) in C:\Users\avist\source\repos\GitHubLocal\Customers\WebTemplate\Backend\WebTemplate.API\Configuration\ApiConfiguration.cs:line 19&#xD;
   at Program.&lt;&gt;c.&lt;Main&gt;b__0_2(IServiceProvider sp) in C:\Users\avist\source\repos\GitHubLocal\Customers\WebTemplate\Backend\WebTemplate.API\Program.cs:line 129&#xD;
   at Microsoft.Extensions.DependencyInjection.ServiceLookup.CallSiteVisitor`2.VisitCallSiteMain(ServiceCallSite callSite, TArgument argument)&#xD;
   at Microsoft.Extensions.DependencyInjection.ServiceLookup.CallSiteRuntimeResolver.VisitRootCache(ServiceCallSite callSite, RuntimeResolverContext context)&#xD;
   at Microsoft.Extensions.DependencyInjection.ServiceLookup.CallSiteVisitor`2.VisitCallSite(ServiceCallSite callSite, TArgument argument)&#xD;
   at Microsoft.Extensions.DependencyInjection.ServiceLookup.CallSiteRuntimeResolver.Resolve(ServiceCallSite callSite, ServiceProviderEngineScope scope)&#xD;
   at Microsoft.Extensions.DependencyInjection.ServiceProvider.CreateServiceAccessor(ServiceIdentifier serviceIdentifier)&#xD;
   at System.Collections.Concurrent.ConcurrentDictionary`2.GetOrAdd(TKey key, Func`2 valueFactory)&#xD;
   at Microsoft.Extensions.DependencyInjection.ServiceProvider.GetService(ServiceIdentifier serviceIdentifier, ServiceProviderEngineScope serviceProviderEngineScope)&#xD;
   at Microsoft.Extensions.DependencyInjection.ServiceLookup.ServiceProviderEngineScope.GetService(Type serviceType)&#xD;
   at Microsoft.Extensions.DependencyInjection.ServiceProviderServiceExtensions.GetRequiredService(IServiceProvider provider, Type serviceType)&#xD;
   at Microsoft.Extensions.DependencyInjection.ServiceProviderServiceExtensions.GetRequiredService[T](IServiceProvider provider)&#xD;
   at Program.&lt;&gt;c.&lt;Main&gt;b__0_4(IServiceProvider sp) in C:\Users\avist\source\repos\GitHubLocal\Customers\WebTemplate\Backend\WebTemplate.API\Program.cs:line 131&#xD;
   at Microsoft.Extensions.DependencyInjection.ServiceLookup.CallSiteVisitor`2.VisitCallSiteMain(ServiceCallSite callSite, TArgument argument)&#xD;
   at Microsoft.Extensions.DependencyInjection.ServiceLookup.CallSiteRuntimeResolver.VisitRootCache(ServiceCallSite callSite, RuntimeResolverContext context)&#xD;
   at Microsoft.Extensions.DependencyInjection.ServiceLookup.CallSiteVisitor`2.VisitCallSite(ServiceCallSite callSite, TArgument argument)&#xD;
   at Microsoft.Extensions.DependencyInjection.ServiceLookup.CallSiteRuntimeResolver.VisitConstructor(ConstructorCallSite constructorCallSite, RuntimeResolverContext context)&#xD;
   at Microsoft.Extensions.DependencyInjection.ServiceLookup.CallSiteVisitor`2.VisitCallSiteMain(ServiceCallSite callSite, TArgument argument)&#xD;
   at Microsoft.Extensions.DependencyInjection.ServiceLookup.CallSiteRuntimeResolver.VisitRootCache(ServiceCallSite callSite, RuntimeResolverContext context)&#xD;
   at Microsoft.Extensions.DependencyInjection.ServiceLookup.CallSiteVisitor`2.VisitCallSite(ServiceCallSite callSite, TArgument argument)&#xD;
   at Microsoft.Extensions.DependencyInjection.ServiceLookup.CallSiteRuntimeResolver.VisitIEnumerable(IEnumerableCallSite enumerableCallSite, RuntimeResolverContext context)&#xD;
   at Microsoft.Extensions.DependencyInjection.ServiceLookup.CallSiteVisitor`2.VisitCallSiteMain(ServiceCallSite callSite, TArgument argument)&#xD;
   at Microsoft.Extensions.DependencyInjection.ServiceLookup.CallSiteRuntimeResolver.VisitRootCache(ServiceCallSite callSite, RuntimeResolverContext context)&#xD;
   at Microsoft.Extensions.DependencyInjection.ServiceLookup.CallSiteVisitor`2.VisitCallSite(ServiceCallSite callSite, TArgument argument)&#xD;
   at Microsoft.Extensions.DependencyInjection.ServiceLookup.CallSiteRuntimeResolver.Resolve(ServiceCallSite callSite, ServiceProviderEngineScope scope)&#xD;
   at Microsoft.Extensions.DependencyInjection.ServiceProvider.CreateServiceAccessor(ServiceIdentifier serviceIdentifier)&#xD;
   at System.Collections.Concurrent.ConcurrentDictionary`2.GetOrAdd(TKey key, Func`2 valueFactory)&#xD;
   at Microsoft.Extensions.DependencyInjection.ServiceProvider.GetService(ServiceIdentifier serviceIdentifier, ServiceProviderEngineScope serviceProviderEngineScope)&#xD;
   at Microsoft.Extensions.DependencyInjection.ServiceProvider.GetService(Type serviceType)&#xD;
   at Microsoft.Extensions.DependencyInjection.ServiceProviderServiceExtensions.GetRequiredService(IServiceProvider provider, Type serviceType)&#xD;
   at Microsoft.Extensions.DependencyInjection.ServiceProviderServiceExtensions.GetRequiredService[T](IServiceProvider provider)&#xD;
   at Microsoft.Extensions.Hosting.Internal.Host.StartAsync(CancellationToken cancellationToken)&#xD;
   at Microsoft.Extensions.Hosting.HostingAbstractionsHostExtensions.RunAsync(IHost host, CancellationToken token)&#xD;
   at Microsoft.Extensions.Hosting.HostingAbstractionsHostExtensions.RunAsync(IHost host, CancellationToken token)&#xD;
   at Program.Main(String[] args) in C:\Users\avist\source\repos\GitHubLocal\Customers\WebTemplate\Backend\WebTemplate.API\Program.cs:line 178&#xD;
   at Program.&lt;Main&gt;(String[] args)&#xD;
   at System.RuntimeMethodHandle.InvokeMethod(Object target, Void** arguments, Signature sig, Boolean isConstructor)&#xD;
   at System.Reflection.MethodBaseInvoker.InvokeDirectByRefWithFewArgs(Object obj, Span`1 copyOfArgs, BindingFlags invokeAttr)&#xD;
--- End of stack trace from previous location ---&#xD;
   at Microsoft.AspNetCore.Mvc.Testing.DeferredHostBuilder.DeferredHost.StartAsync(CancellationToken cancellationToken)&#xD;
   at Microsoft.Extensions.Hosting.HostingAbstractionsHostExtensions.Start(IHost host)&#xD;
   at Microsoft.AspNetCore.Mvc.Testing.WebApplicationFactory`1.CreateHost(IHostBuilder builder)&#xD;
   at Microsoft.AspNetCore.Mvc.Testing.WebApplicationFactory`1.ConfigureHostBuilder(IHostBuilder hostBuilder)&#xD;
   at Microsoft.AspNetCore.Mvc.Testing.WebApplicationFactory`1.EnsureServer()&#xD;
   at Microsoft.AspNetCore.Mvc.Testing.WebApplicationFactory`1.get_Services()&#xD;
   at WebTemplate.ApiTests.TestWebAppFactory.InitializeDatabaseAsync() in C:\Users\avist\source\repos\GitHubLocal\Customers\WebTemplate\Backend\WebTemplate.ApiTests\TestWebAppFactory.cs:line 134&#xD;
   at WebTemplate.ApiTests.TestWebAppFactory.InitializeAsync() in C:\Users\avist\source\repos\GitHubLocal\Customers\WebTemplate\Backend\WebTemplate.ApiTests\TestWebAppFactory.cs:line 122</StackTrace>
        </ErrorInfo>
      </Output>
    </UnitTestResult>
    <UnitTestResult executionId="639a161e-9560-4d71-bc34-01bca3429c16" testId="ba330ac2-b39b-f35c-f827-394711b5ab65" testName="GET /api/usertype/{id} - Unauthorized without token" computerName="STRUL-LAPTOP" duration="00:00:00.0010000" startTime="2025-11-16T05:10:17.5278968+02:00" endTime="2025-11-16T05:10:17.5278975+02:00" testType="13cdc9d9-ddb5-4fa4-a97d-d965ccfc6d4b" outcome="Failed" testListId="8c84fa94-04c1-424b-9868-57a2d4851a1d" relativeResultsDirectory="639a161e-9560-4d71-bc34-01bca3429c16">
      <Output>
        <ErrorInfo>
          <Message>System.InvalidOperationException : Required configuration section 'Email' is missing or invalid.</Message>
          <StackTrace>   at WebTemplate.Core.Configuration.CoreConfiguration..ctor(IConfiguration configuration) in C:\Users\avist\source\repos\GitHubLocal\Customers\WebTemplate\Backend\WebTemplate.Core\Configuration\CoreConfiguration.cs:line 25&#xD;
   at WebTemplate.Data.Configuration.DataConfiguration..ctor(IConfiguration configuration) in C:\Users\avist\source\repos\GitHubLocal\Customers\WebTemplate\Backend\WebTemplate.Data\Configuration\DataConfiguration.cs:line 16&#xD;
   at WebTemplate.API.Configuration.ApiConfiguration..ctor(IConfiguration configuration) in C:\Users\avist\source\repos\GitHubLocal\Customers\WebTemplate\Backend\WebTemplate.API\Configuration\ApiConfiguration.cs:line 19&#xD;
   at Program.&lt;&gt;c.&lt;Main&gt;b__0_2(IServiceProvider sp) in C:\Users\avist\source\repos\GitHubLocal\Customers\WebTemplate\Backend\WebTemplate.API\Program.cs:line 129&#xD;
   at Microsoft.Extensions.DependencyInjection.ServiceLookup.CallSiteVisitor`2.VisitCallSiteMain(ServiceCallSite callSite, TArgument argument)&#xD;
   at Microsoft.Extensions.DependencyInjection.ServiceLookup.CallSiteRuntimeResolver.VisitRootCache(ServiceCallSite callSite, RuntimeResolverContext context)&#xD;
   at Microsoft.Extensions.DependencyInjection.ServiceLookup.CallSiteVisitor`2.VisitCallSite(ServiceCallSite callSite, TArgument argument)&#xD;
   at Microsoft.Extensions.DependencyInjection.ServiceLookup.CallSiteRuntimeResolver.Resolve(ServiceCallSite callSite, ServiceProviderEngineScope scope)&#xD;
   at Microsoft.Extensions.DependencyInjection.ServiceProvider.CreateServiceAccessor(ServiceIdentifier serviceIdentifier)&#xD;
   at System.Collections.Concurrent.ConcurrentDictionary`2.GetOrAdd(TKey key, Func`2 valueFactory)&#xD;
   at Microsoft.Extensions.DependencyInjection.ServiceProvider.GetService(ServiceIdentifier serviceIdentifier, ServiceProviderEngineScope serviceProviderEngineScope)&#xD;
   at Microsoft.Extensions.DependencyInjection.ServiceLookup.ServiceProviderEngineScope.GetService(Type serviceType)&#xD;
   at Microsoft.Extensions.DependencyInjection.ServiceProviderServiceExtensions.GetRequiredService(IServiceProvider provider, Type serviceType)&#xD;
   at Microsoft.Extensions.DependencyInjection.ServiceProviderServiceExtensions.GetRequiredService[T](IServiceProvider provider)&#xD;
   at Program.&lt;&gt;c.&lt;Main&gt;b__0_4(IServiceProvider sp) in C:\Users\avist\source\repos\GitHubLocal\Customers\WebTemplate\Backend\WebTemplate.API\Program.cs:line 131&#xD;
   at Microsoft.Extensions.DependencyInjection.ServiceLookup.CallSiteVisitor`2.VisitCallSiteMain(ServiceCallSite callSite, TArgument argument)&#xD;
   at Microsoft.Extensions.DependencyInjection.ServiceLookup.CallSiteRuntimeResolver.VisitRootCache(ServiceCallSite callSite, RuntimeResolverContext context)&#xD;
   at Microsoft.Extensions.DependencyInjection.ServiceLookup.CallSiteVisitor`2.VisitCallSite(ServiceCallSite callSite, TArgument argument)&#xD;
   at Microsoft.Extensions.DependencyInjection.ServiceLookup.CallSiteRuntimeResolver.VisitConstructor(ConstructorCallSite constructorCallSite, RuntimeResolverContext context)&#xD;
   at Microsoft.Extensions.DependencyInjection.ServiceLookup.CallSiteVisitor`2.VisitCallSiteMain(ServiceCallSite callSite, TArgument argument)&#xD;
   at Microsoft.Extensions.DependencyInjection.ServiceLookup.CallSiteRuntimeResolver.VisitRootCache(ServiceCallSite callSite, RuntimeResolverContext context)&#xD;
   at Microsoft.Extensions.DependencyInjection.ServiceLookup.CallSiteVisitor`2.VisitCallSite(ServiceCallSite callSite, TArgument argument)&#xD;
   at Microsoft.Extensions.DependencyInjection.ServiceLookup.CallSiteRuntimeResolver.VisitIEnumerable(IEnumerableCallSite enumerableCallSite, RuntimeResolverContext context)&#xD;
   at Microsoft.Extensions.DependencyInjection.ServiceLookup.CallSiteVisitor`2.VisitCallSiteMain(ServiceCallSite callSite, TArgument argument)&#xD;
   at Microsoft.Extensions.DependencyInjection.ServiceLookup.CallSiteRuntimeResolver.VisitRootCache(ServiceCallSite callSite, RuntimeResolverContext context)&#xD;
   at Microsoft.Extensions.DependencyInjection.ServiceLookup.CallSiteVisitor`2.VisitCallSite(ServiceCallSite callSite, TArgument argument)&#xD;
   at Microsoft.Extensions.DependencyInjection.ServiceLookup.CallSiteRuntimeResolver.Resolve(ServiceCallSite callSite, ServiceProviderEngineScope scope)&#xD;
   at Microsoft.Extensions.DependencyInjection.ServiceProvider.CreateServiceAccessor(ServiceIdentifier serviceIdentifier)&#xD;
   at System.Collections.Concurrent.ConcurrentDictionary`2.GetOrAdd(TKey key, Func`2 valueFactory)&#xD;
   at Microsoft.Extensions.DependencyInjection.ServiceProvider.GetService(ServiceIdentifier serviceIdentifier, ServiceProviderEngineScope serviceProviderEngineScope)&#xD;
   at Microsoft.Extensions.DependencyInjection.ServiceProvider.GetService(Type serviceType)&#xD;
   at Microsoft.Extensions.DependencyInjection.ServiceProviderServiceExtensions.GetRequiredService(IServiceProvider provider, Type serviceType)&#xD;
   at Microsoft.Extensions.DependencyInjection.ServiceProviderServiceExtensions.GetRequiredService[T](IServiceProvider provider)&#xD;
   at Microsoft.Extensions.Hosting.Internal.Host.StartAsync(CancellationToken cancellationToken)&#xD;
   at Microsoft.Extensions.Hosting.HostingAbstractionsHostExtensions.RunAsync(IHost host, CancellationToken token)&#xD;
   at Microsoft.Extensions.Hosting.HostingAbstractionsHostExtensions.RunAsync(IHost host, CancellationToken token)&#xD;
   at Program.Main(String[] args) in C:\Users\avist\source\repos\GitHubLocal\Customers\WebTemplate\Backend\WebTemplate.API\Program.cs:line 178&#xD;
   at Program.&lt;Main&gt;(String[] args)&#xD;
   at System.RuntimeMethodHandle.InvokeMethod(Object target, Void** arguments, Signature sig, Boolean isConstructor)&#xD;
   at System.Reflection.MethodBaseInvoker.InvokeDirectByRefWithFewArgs(Object obj, Span`1 copyOfArgs, BindingFlags invokeAttr)&#xD;
--- End of stack trace from previous location ---&#xD;
   at Microsoft.AspNetCore.Mvc.Testing.DeferredHostBuilder.DeferredHost.StartAsync(CancellationToken cancellationToken)&#xD;
   at Microsoft.Extensions.Hosting.HostingAbstractionsHostExtensions.Start(IHost host)&#xD;
   at Microsoft.AspNetCore.Mvc.Testing.WebApplicationFactory`1.CreateHost(IHostBuilder builder)&#xD;
   at Microsoft.AspNetCore.Mvc.Testing.WebApplicationFactory`1.ConfigureHostBuilder(IHostBuilder hostBuilder)&#xD;
   at Microsoft.AspNetCore.Mvc.Testing.WebApplicationFactory`1.EnsureServer()&#xD;
   at Microsoft.AspNetCore.Mvc.Testing.WebApplicationFactory`1.get_Services()&#xD;
   at WebTemplate.ApiTests.TestWebAppFactory.InitializeDatabaseAsync() in C:\Users\avist\source\repos\GitHubLocal\Customers\WebTemplate\Backend\WebTemplate.ApiTests\TestWebAppFactory.cs:line 134&#xD;
   at WebTemplate.ApiTests.TestWebAppFactory.InitializeAsync() in C:\Users\avist\source\repos\GitHubLocal\Customers\WebTemplate\Backend\WebTemplate.ApiTests\TestWebAppFactory.cs:line 122</StackTrace>
        </ErrorInfo>
      </Output>
    </UnitTestResult>
    <UnitTestResult executionId="430f499d-ec81-487f-81a9-1f5da90965c5" testId="05000abc-a55d-97a0-8713-cc05631d0ce9" testName="POST /api/usertype/{id}/toggle-status - Returns NotFound for non-existent ID" computerName="STRUL-LAPTOP" duration="00:00:00.0010000" startTime="2025-11-16T05:10:17.4010860+02:00" endTime="2025-11-16T05:10:17.4010863+02:00" testType="13cdc9d9-ddb5-4fa4-a97d-d965ccfc6d4b" outcome="Failed" testListId="8c84fa94-04c1-424b-9868-57a2d4851a1d" relativeResultsDirectory="430f499d-ec81-487f-81a9-1f5da90965c5">
      <Output>
        <ErrorInfo>
          <Message>System.InvalidOperationException : Required configuration section 'Email' is missing or invalid.</Message>
          <StackTrace>   at WebTemplate.Core.Configuration.CoreConfiguration..ctor(IConfiguration configuration) in C:\Users\avist\source\repos\GitHubLocal\Customers\WebTemplate\Backend\WebTemplate.Core\Configuration\CoreConfiguration.cs:line 25&#xD;
   at WebTemplate.Data.Configuration.DataConfiguration..ctor(IConfiguration configuration) in C:\Users\avist\source\repos\GitHubLocal\Customers\WebTemplate\Backend\WebTemplate.Data\Configuration\DataConfiguration.cs:line 16&#xD;
   at WebTemplate.API.Configuration.ApiConfiguration..ctor(IConfiguration configuration) in C:\Users\avist\source\repos\GitHubLocal\Customers\WebTemplate\Backend\WebTemplate.API\Configuration\ApiConfiguration.cs:line 19&#xD;
   at Program.&lt;&gt;c.&lt;Main&gt;b__0_2(IServiceProvider sp) in C:\Users\avist\source\repos\GitHubLocal\Customers\WebTemplate\Backend\WebTemplate.API\Program.cs:line 129&#xD;
   at Microsoft.Extensions.DependencyInjection.ServiceLookup.CallSiteVisitor`2.VisitCallSiteMain(ServiceCallSite callSite, TArgument argument)&#xD;
   at Microsoft.Extensions.DependencyInjection.ServiceLookup.CallSiteRuntimeResolver.VisitRootCache(ServiceCallSite callSite, RuntimeResolverContext context)&#xD;
   at Microsoft.Extensions.DependencyInjection.ServiceLookup.CallSiteVisitor`2.VisitCallSite(ServiceCallSite callSite, TArgument argument)&#xD;
   at Microsoft.Extensions.DependencyInjection.ServiceLookup.CallSiteRuntimeResolver.Resolve(ServiceCallSite callSite, ServiceProviderEngineScope scope)&#xD;
   at Microsoft.Extensions.DependencyInjection.ServiceProvider.CreateServiceAccessor(ServiceIdentifier serviceIdentifier)&#xD;
   at System.Collections.Concurrent.ConcurrentDictionary`2.GetOrAdd(TKey key, Func`2 valueFactory)&#xD;
   at Microsoft.Extensions.DependencyInjection.ServiceProvider.GetService(ServiceIdentifier serviceIdentifier, ServiceProviderEngineScope serviceProviderEngineScope)&#xD;
   at Microsoft.Extensions.DependencyInjection.ServiceLookup.ServiceProviderEngineScope.GetService(Type serviceType)&#xD;
   at Microsoft.Extensions.DependencyInjection.ServiceProviderServiceExtensions.GetRequiredService(IServiceProvider provider, Type serviceType)&#xD;
   at Microsoft.Extensions.DependencyInjection.ServiceProviderServiceExtensions.GetRequiredService[T](IServiceProvider provider)&#xD;
   at Program.&lt;&gt;c.&lt;Main&gt;b__0_4(IServiceProvider sp) in C:\Users\avist\source\repos\GitHubLocal\Customers\WebTemplate\Backend\WebTemplate.API\Program.cs:line 131&#xD;
   at Microsoft.Extensions.DependencyInjection.ServiceLookup.CallSiteVisitor`2.VisitCallSiteMain(ServiceCallSite callSite, TArgument argument)&#xD;
   at Microsoft.Extensions.DependencyInjection.ServiceLookup.CallSiteRuntimeResolver.VisitRootCache(ServiceCallSite callSite, RuntimeResolverContext context)&#xD;
   at Microsoft.Extensions.DependencyInjection.ServiceLookup.CallSiteVisitor`2.VisitCallSite(ServiceCallSite callSite, TArgument argument)&#xD;
   at Microsoft.Extensions.DependencyInjection.ServiceLookup.CallSiteRuntimeResolver.VisitConstructor(ConstructorCallSite constructorCallSite, RuntimeResolverContext context)&#xD;
   at Microsoft.Extensions.DependencyInjection.ServiceLookup.CallSiteVisitor`2.VisitCallSiteMain(ServiceCallSite callSite, TArgument argument)&#xD;
   at Microsoft.Extensions.DependencyInjection.ServiceLookup.CallSiteRuntimeResolver.VisitRootCache(ServiceCallSite callSite, RuntimeResolverContext context)&#xD;
   at Microsoft.Extensions.DependencyInjection.ServiceLookup.CallSiteVisitor`2.VisitCallSite(ServiceCallSite callSite, TArgument argument)&#xD;
   at Microsoft.Extensions.DependencyInjection.ServiceLookup.CallSiteRuntimeResolver.VisitIEnumerable(IEnumerableCallSite enumerableCallSite, RuntimeResolverContext context)&#xD;
   at Microsoft.Extensions.DependencyInjection.ServiceLookup.CallSiteVisitor`2.VisitCallSiteMain(ServiceCallSite callSite, TArgument argument)&#xD;
   at Microsoft.Extensions.DependencyInjection.ServiceLookup.CallSiteRuntimeResolver.VisitRootCache(ServiceCallSite callSite, RuntimeResolverContext context)&#xD;
   at Microsoft.Extensions.DependencyInjection.ServiceLookup.CallSiteVisitor`2.VisitCallSite(ServiceCallSite callSite, TArgument argument)&#xD;
   at Microsoft.Extensions.DependencyInjection.ServiceLookup.CallSiteRuntimeResolver.Resolve(ServiceCallSite callSite, ServiceProviderEngineScope scope)&#xD;
   at Microsoft.Extensions.DependencyInjection.ServiceProvider.CreateServiceAccessor(ServiceIdentifier serviceIdentifier)&#xD;
   at System.Collections.Concurrent.ConcurrentDictionary`2.GetOrAdd(TKey key, Func`2 valueFactory)&#xD;
   at Microsoft.Extensions.DependencyInjection.ServiceProvider.GetService(ServiceIdentifier serviceIdentifier, ServiceProviderEngineScope serviceProviderEngineScope)&#xD;
   at Microsoft.Extensions.DependencyInjection.ServiceProvider.GetService(Type serviceType)&#xD;
   at Microsoft.Extensions.DependencyInjection.ServiceProviderServiceExtensions.GetRequiredService(IServiceProvider provider, Type serviceType)&#xD;
   at Microsoft.Extensions.DependencyInjection.ServiceProviderServiceExtensions.GetRequiredService[T](IServiceProvider provider)&#xD;
   at Microsoft.Extensions.Hosting.Internal.Host.StartAsync(CancellationToken cancellationToken)&#xD;
   at Microsoft.Extensions.Hosting.HostingAbstractionsHostExtensions.RunAsync(IHost host, CancellationToken token)&#xD;
   at Microsoft.Extensions.Hosting.HostingAbstractionsHostExtensions.RunAsync(IHost host, CancellationToken token)&#xD;
   at Program.Main(String[] args) in C:\Users\avist\source\repos\GitHubLocal\Customers\WebTemplate\Backend\WebTemplate.API\Program.cs:line 178&#xD;
   at Program.&lt;Main&gt;(String[] args)&#xD;
   at System.RuntimeMethodHandle.InvokeMethod(Object target, Void** arguments, Signature sig, Boolean isConstructor)&#xD;
   at System.Reflection.MethodBaseInvoker.InvokeDirectByRefWithFewArgs(Object obj, Span`1 copyOfArgs, BindingFlags invokeAttr)&#xD;
--- End of stack trace from previous location ---&#xD;
   at Microsoft.AspNetCore.Mvc.Testing.DeferredHostBuilder.DeferredHost.StartAsync(CancellationToken cancellationToken)&#xD;
   at Microsoft.Extensions.Hosting.HostingAbstractionsHostExtensions.Start(IHost host)&#xD;
   at Microsoft.AspNetCore.Mvc.Testing.WebApplicationFactory`1.CreateHost(IHostBuilder builder)&#xD;
   at Microsoft.AspNetCore.Mvc.Testing.WebApplicationFactory`1.ConfigureHostBuilder(IHostBuilder hostBuilder)&#xD;
   at Microsoft.AspNetCore.Mvc.Testing.WebApplicationFactory`1.EnsureServer()&#xD;
   at Microsoft.AspNetCore.Mvc.Testing.WebApplicationFactory`1.get_Services()&#xD;
   at WebTemplate.ApiTests.TestWebAppFactory.InitializeDatabaseAsync() in C:\Users\avist\source\repos\GitHubLocal\Customers\WebTemplate\Backend\WebTemplate.ApiTests\TestWebAppFactory.cs:line 134&#xD;
   at WebTemplate.ApiTests.TestWebAppFactory.InitializeAsync() in C:\Users\avist\source\repos\GitHubLocal\Customers\WebTemplate\Backend\WebTemplate.ApiTests\TestWebAppFactory.cs:line 122</StackTrace>
        </ErrorInfo>
      </Output>
    </UnitTestResult>
    <UnitTestResult executionId="463cb109-a414-424c-a0f9-a876d6bee115" testId="2e246ba8-51ec-fdaf-13c4-ea1625fc37f7" testName="DELETE /api/user/{id} - Admin can soft delete user" computerName="STRUL-LAPTOP" duration="00:00:00.0010000" startTime="2025-11-16T05:10:17.2484435+02:00" endTime="2025-11-16T05:10:17.2484442+02:00" testType="13cdc9d9-ddb5-4fa4-a97d-d965ccfc6d4b" outcome="Failed" testListId="8c84fa94-04c1-424b-9868-57a2d4851a1d" relativeResultsDirectory="463cb109-a414-424c-a0f9-a876d6bee115">
      <Output>
        <ErrorInfo>
          <Message>System.InvalidOperationException : Required configuration section 'Email' is missing or invalid.</Message>
          <StackTrace>   at WebTemplate.Core.Configuration.CoreConfiguration..ctor(IConfiguration configuration) in C:\Users\avist\source\repos\GitHubLocal\Customers\WebTemplate\Backend\WebTemplate.Core\Configuration\CoreConfiguration.cs:line 25&#xD;
   at WebTemplate.Data.Configuration.DataConfiguration..ctor(IConfiguration configuration) in C:\Users\avist\source\repos\GitHubLocal\Customers\WebTemplate\Backend\WebTemplate.Data\Configuration\DataConfiguration.cs:line 16&#xD;
   at WebTemplate.API.Configuration.ApiConfiguration..ctor(IConfiguration configuration) in C:\Users\avist\source\repos\GitHubLocal\Customers\WebTemplate\Backend\WebTemplate.API\Configuration\ApiConfiguration.cs:line 19&#xD;
   at Program.&lt;&gt;c.&lt;Main&gt;b__0_2(IServiceProvider sp) in C:\Users\avist\source\repos\GitHubLocal\Customers\WebTemplate\Backend\WebTemplate.API\Program.cs:line 129&#xD;
   at Microsoft.Extensions.DependencyInjection.ServiceLookup.CallSiteVisitor`2.VisitCallSiteMain(ServiceCallSite callSite, TArgument argument)&#xD;
   at Microsoft.Extensions.DependencyInjection.ServiceLookup.CallSiteRuntimeResolver.VisitRootCache(ServiceCallSite callSite, RuntimeResolverContext context)&#xD;
   at Microsoft.Extensions.DependencyInjection.ServiceLookup.CallSiteVisitor`2.VisitCallSite(ServiceCallSite callSite, TArgument argument)&#xD;
   at Microsoft.Extensions.DependencyInjection.ServiceLookup.CallSiteRuntimeResolver.Resolve(ServiceCallSite callSite, ServiceProviderEngineScope scope)&#xD;
   at Microsoft.Extensions.DependencyInjection.ServiceProvider.CreateServiceAccessor(ServiceIdentifier serviceIdentifier)&#xD;
   at System.Collections.Concurrent.ConcurrentDictionary`2.GetOrAdd(TKey key, Func`2 valueFactory)&#xD;
   at Microsoft.Extensions.DependencyInjection.ServiceProvider.GetService(ServiceIdentifier serviceIdentifier, ServiceProviderEngineScope serviceProviderEngineScope)&#xD;
   at Microsoft.Extensions.DependencyInjection.ServiceLookup.ServiceProviderEngineScope.GetService(Type serviceType)&#xD;
   at Microsoft.Extensions.DependencyInjection.ServiceProviderServiceExtensions.GetRequiredService(IServiceProvider provider, Type serviceType)&#xD;
   at Microsoft.Extensions.DependencyInjection.ServiceProviderServiceExtensions.GetRequiredService[T](IServiceProvider provider)&#xD;
   at Program.&lt;&gt;c.&lt;Main&gt;b__0_4(IServiceProvider sp) in C:\Users\avist\source\repos\GitHubLocal\Customers\WebTemplate\Backend\WebTemplate.API\Program.cs:line 131&#xD;
   at Microsoft.Extensions.DependencyInjection.ServiceLookup.CallSiteVisitor`2.VisitCallSiteMain(ServiceCallSite callSite, TArgument argument)&#xD;
   at Microsoft.Extensions.DependencyInjection.ServiceLookup.CallSiteRuntimeResolver.VisitRootCache(ServiceCallSite callSite, RuntimeResolverContext context)&#xD;
   at Microsoft.Extensions.DependencyInjection.ServiceLookup.CallSiteVisitor`2.VisitCallSite(ServiceCallSite callSite, TArgument argument)&#xD;
   at Microsoft.Extensions.DependencyInjection.ServiceLookup.CallSiteRuntimeResolver.VisitConstructor(ConstructorCallSite constructorCallSite, RuntimeResolverContext context)&#xD;
   at Microsoft.Extensions.DependencyInjection.ServiceLookup.CallSiteVisitor`2.VisitCallSiteMain(ServiceCallSite callSite, TArgument argument)&#xD;
   at Microsoft.Extensions.DependencyInjection.ServiceLookup.CallSiteRuntimeResolver.VisitRootCache(ServiceCallSite callSite, RuntimeResolverContext context)&#xD;
   at Microsoft.Extensions.DependencyInjection.ServiceLookup.CallSiteVisitor`2.VisitCallSite(ServiceCallSite callSite, TArgument argument)&#xD;
   at Microsoft.Extensions.DependencyInjection.ServiceLookup.CallSiteRuntimeResolver.VisitIEnumerable(IEnumerableCallSite enumerableCallSite, RuntimeResolverContext context)&#xD;
   at Microsoft.Extensions.DependencyInjection.ServiceLookup.CallSiteVisitor`2.VisitCallSiteMain(ServiceCallSite callSite, TArgument argument)&#xD;
   at Microsoft.Extensions.DependencyInjection.ServiceLookup.CallSiteRuntimeResolver.VisitRootCache(ServiceCallSite callSite, RuntimeResolverContext context)&#xD;
   at Microsoft.Extensions.DependencyInjection.ServiceLookup.CallSiteVisitor`2.VisitCallSite(ServiceCallSite callSite, TArgument argument)&#xD;
   at Microsoft.Extensions.DependencyInjection.ServiceLookup.CallSiteRuntimeResolver.Resolve(ServiceCallSite callSite, ServiceProviderEngineScope scope)&#xD;
   at Microsoft.Extensions.DependencyInjection.ServiceProvider.CreateServiceAccessor(ServiceIdentifier serviceIdentifier)&#xD;
   at System.Collections.Concurrent.ConcurrentDictionary`2.GetOrAdd(TKey key, Func`2 valueFactory)&#xD;
   at Microsoft.Extensions.DependencyInjection.ServiceProvider.GetService(ServiceIdentifier serviceIdentifier, ServiceProviderEngineScope serviceProviderEngineScope)&#xD;
   at Microsoft.Extensions.DependencyInjection.ServiceProvider.GetService(Type serviceType)&#xD;
   at Microsoft.Extensions.DependencyInjection.ServiceProviderServiceExtensions.GetRequiredService(IServiceProvider provider, Type serviceType)&#xD;
   at Microsoft.Extensions.DependencyInjection.ServiceProviderServiceExtensions.GetRequiredService[T](IServiceProvider provider)&#xD;
   at Microsoft.Extensions.Hosting.Internal.Host.StartAsync(CancellationToken cancellationToken)&#xD;
   at Microsoft.Extensions.Hosting.HostingAbstractionsHostExtensions.RunAsync(IHost host, CancellationToken token)&#xD;
   at Microsoft.Extensions.Hosting.HostingAbstractionsHostExtensions.RunAsync(IHost host, CancellationToken token)&#xD;
   at Program.Main(String[] args) in C:\Users\avist\source\repos\GitHubLocal\Customers\WebTemplate\Backend\WebTemplate.API\Program.cs:line 178&#xD;
   at Program.&lt;Main&gt;(String[] args)&#xD;
   at System.RuntimeMethodHandle.InvokeMethod(Object target, Void** arguments, Signature sig, Boolean isConstructor)&#xD;
   at System.Reflection.MethodBaseInvoker.InvokeDirectByRefWithFewArgs(Object obj, Span`1 copyOfArgs, BindingFlags invokeAttr)&#xD;
--- End of stack trace from previous location ---&#xD;
   at Microsoft.AspNetCore.Mvc.Testing.DeferredHostBuilder.DeferredHost.StartAsync(CancellationToken cancellationToken)&#xD;
   at Microsoft.Extensions.Hosting.HostingAbstractionsHostExtensions.Start(IHost host)&#xD;
   at Microsoft.AspNetCore.Mvc.Testing.WebApplicationFactory`1.CreateHost(IHostBuilder builder)&#xD;
   at Microsoft.AspNetCore.Mvc.Testing.WebApplicationFactory`1.ConfigureHostBuilder(IHostBuilder hostBuilder)&#xD;
   at Microsoft.AspNetCore.Mvc.Testing.WebApplicationFactory`1.EnsureServer()&#xD;
   at Microsoft.AspNetCore.Mvc.Testing.WebApplicationFactory`1.get_Services()&#xD;
   at WebTemplate.ApiTests.TestWebAppFactory.InitializeDatabaseAsync() in C:\Users\avist\source\repos\GitHubLocal\Customers\WebTemplate\Backend\WebTemplate.ApiTests\TestWebAppFactory.cs:line 134&#xD;
   at WebTemplate.ApiTests.TestWebAppFactory.InitializeAsync() in C:\Users\avist\source\repos\GitHubLocal\Customers\WebTemplate\Backend\WebTemplate.ApiTests\TestWebAppFactory.cs:line 122</StackTrace>
        </ErrorInfo>
      </Output>
    </UnitTestResult>
    <UnitTestResult executionId="c4c0b30a-e6bb-44e2-8d4d-f81e990d8cc4" testId="ff6da237-911b-4e85-401f-b4784384a925" testName="GET /api/user/profile - Unauthorized without token" computerName="STRUL-LAPTOP" duration="00:00:00.0010000" startTime="2025-11-16T05:10:17.1781600+02:00" endTime="2025-11-16T05:10:17.1781603+02:00" testType="13cdc9d9-ddb5-4fa4-a97d-d965ccfc6d4b" outcome="Failed" testListId="8c84fa94-04c1-424b-9868-57a2d4851a1d" relativeResultsDirectory="c4c0b30a-e6bb-44e2-8d4d-f81e990d8cc4">
      <Output>
        <ErrorInfo>
          <Message>System.InvalidOperationException : Required configuration section 'Email' is missing or invalid.</Message>
          <StackTrace>   at WebTemplate.Core.Configuration.CoreConfiguration..ctor(IConfiguration configuration) in C:\Users\avist\source\repos\GitHubLocal\Customers\WebTemplate\Backend\WebTemplate.Core\Configuration\CoreConfiguration.cs:line 25&#xD;
   at WebTemplate.Data.Configuration.DataConfiguration..ctor(IConfiguration configuration) in C:\Users\avist\source\repos\GitHubLocal\Customers\WebTemplate\Backend\WebTemplate.Data\Configuration\DataConfiguration.cs:line 16&#xD;
   at WebTemplate.API.Configuration.ApiConfiguration..ctor(IConfiguration configuration) in C:\Users\avist\source\repos\GitHubLocal\Customers\WebTemplate\Backend\WebTemplate.API\Configuration\ApiConfiguration.cs:line 19&#xD;
   at Program.&lt;&gt;c.&lt;Main&gt;b__0_2(IServiceProvider sp) in C:\Users\avist\source\repos\GitHubLocal\Customers\WebTemplate\Backend\WebTemplate.API\Program.cs:line 129&#xD;
   at Microsoft.Extensions.DependencyInjection.ServiceLookup.CallSiteVisitor`2.VisitCallSiteMain(ServiceCallSite callSite, TArgument argument)&#xD;
   at Microsoft.Extensions.DependencyInjection.ServiceLookup.CallSiteRuntimeResolver.VisitRootCache(ServiceCallSite callSite, RuntimeResolverContext context)&#xD;
   at Microsoft.Extensions.DependencyInjection.ServiceLookup.CallSiteVisitor`2.VisitCallSite(ServiceCallSite callSite, TArgument argument)&#xD;
   at Microsoft.Extensions.DependencyInjection.ServiceLookup.CallSiteRuntimeResolver.Resolve(ServiceCallSite callSite, ServiceProviderEngineScope scope)&#xD;
   at Microsoft.Extensions.DependencyInjection.ServiceProvider.CreateServiceAccessor(ServiceIdentifier serviceIdentifier)&#xD;
   at System.Collections.Concurrent.ConcurrentDictionary`2.GetOrAdd(TKey key, Func`2 valueFactory)&#xD;
   at Microsoft.Extensions.DependencyInjection.ServiceProvider.GetService(ServiceIdentifier serviceIdentifier, ServiceProviderEngineScope serviceProviderEngineScope)&#xD;
   at Microsoft.Extensions.DependencyInjection.ServiceLookup.ServiceProviderEngineScope.GetService(Type serviceType)&#xD;
   at Microsoft.Extensions.DependencyInjection.ServiceProviderServiceExtensions.GetRequiredService(IServiceProvider provider, Type serviceType)&#xD;
   at Microsoft.Extensions.DependencyInjection.ServiceProviderServiceExtensions.GetRequiredService[T](IServiceProvider provider)&#xD;
   at Program.&lt;&gt;c.&lt;Main&gt;b__0_4(IServiceProvider sp) in C:\Users\avist\source\repos\GitHubLocal\Customers\WebTemplate\Backend\WebTemplate.API\Program.cs:line 131&#xD;
   at Microsoft.Extensions.DependencyInjection.ServiceLookup.CallSiteVisitor`2.VisitCallSiteMain(ServiceCallSite callSite, TArgument argument)&#xD;
   at Microsoft.Extensions.DependencyInjection.ServiceLookup.CallSiteRuntimeResolver.VisitRootCache(ServiceCallSite callSite, RuntimeResolverContext context)&#xD;
   at Microsoft.Extensions.DependencyInjection.ServiceLookup.CallSiteVisitor`2.VisitCallSite(ServiceCallSite callSite, TArgument argument)&#xD;
   at Microsoft.Extensions.DependencyInjection.ServiceLookup.CallSiteRuntimeResolver.VisitConstructor(ConstructorCallSite constructorCallSite, RuntimeResolverContext context)&#xD;
   at Microsoft.Extensions.DependencyInjection.ServiceLookup.CallSiteVisitor`2.VisitCallSiteMain(ServiceCallSite callSite, TArgument argument)&#xD;
   at Microsoft.Extensions.DependencyInjection.ServiceLookup.CallSiteRuntimeResolver.VisitRootCache(ServiceCallSite callSite, RuntimeResolverContext context)&#xD;
   at Microsoft.Extensions.DependencyInjection.ServiceLookup.CallSiteVisitor`2.VisitCallSite(ServiceCallSite callSite, TArgument argument)&#xD;
   at Microsoft.Extensions.DependencyInjection.ServiceLookup.CallSiteRuntimeResolver.VisitIEnumerable(IEnumerableCallSite enumerableCallSite, RuntimeResolverContext context)&#xD;
   at Microsoft.Extensions.DependencyInjection.ServiceLookup.CallSiteVisitor`2.VisitCallSiteMain(ServiceCallSite callSite, TArgument argument)&#xD;
   at Microsoft.Extensions.DependencyInjection.ServiceLookup.CallSiteRuntimeResolver.VisitRootCache(ServiceCallSite callSite, RuntimeResolverContext context)&#xD;
   at Microsoft.Extensions.DependencyInjection.ServiceLookup.CallSiteVisitor`2.VisitCallSite(ServiceCallSite callSite, TArgument argument)&#xD;
   at Microsoft.Extensions.DependencyInjection.ServiceLookup.CallSiteRuntimeResolver.Resolve(ServiceCallSite callSite, ServiceProviderEngineScope scope)&#xD;
   at Microsoft.Extensions.DependencyInjection.ServiceProvider.CreateServiceAccessor(ServiceIdentifier serviceIdentifier)&#xD;
   at System.Collections.Concurrent.ConcurrentDictionary`2.GetOrAdd(TKey key, Func`2 valueFactory)&#xD;
   at Microsoft.Extensions.DependencyInjection.ServiceProvider.GetService(ServiceIdentifier serviceIdentifier, ServiceProviderEngineScope serviceProviderEngineScope)&#xD;
   at Microsoft.Extensions.DependencyInjection.ServiceProvider.GetService(Type serviceType)&#xD;
   at Microsoft.Extensions.DependencyInjection.ServiceProviderServiceExtensions.GetRequiredService(IServiceProvider provider, Type serviceType)&#xD;
   at Microsoft.Extensions.DependencyInjection.ServiceProviderServiceExtensions.GetRequiredService[T](IServiceProvider provider)&#xD;
   at Microsoft.Extensions.Hosting.Internal.Host.StartAsync(CancellationToken cancellationToken)&#xD;
   at Microsoft.Extensions.Hosting.HostingAbstractionsHostExtensions.RunAsync(IHost host, CancellationToken token)&#xD;
   at Microsoft.Extensions.Hosting.HostingAbstractionsHostExtensions.RunAsync(IHost host, CancellationToken token)&#xD;
   at Program.Main(String[] args) in C:\Users\avist\source\repos\GitHubLocal\Customers\WebTemplate\Backend\WebTemplate.API\Program.cs:line 178&#xD;
   at Program.&lt;Main&gt;(String[] args)&#xD;
   at System.RuntimeMethodHandle.InvokeMethod(Object target, Void** arguments, Signature sig, Boolean isConstructor)&#xD;
   at System.Reflection.MethodBaseInvoker.InvokeDirectByRefWithFewArgs(Object obj, Span`1 copyOfArgs, BindingFlags invokeAttr)&#xD;
--- End of stack trace from previous location ---&#xD;
   at Microsoft.AspNetCore.Mvc.Testing.DeferredHostBuilder.DeferredHost.StartAsync(CancellationToken cancellationToken)&#xD;
   at Microsoft.Extensions.Hosting.HostingAbstractionsHostExtensions.Start(IHost host)&#xD;
   at Microsoft.AspNetCore.Mvc.Testing.WebApplicationFactory`1.CreateHost(IHostBuilder builder)&#xD;
   at Microsoft.AspNetCore.Mvc.Testing.WebApplicationFactory`1.ConfigureHostBuilder(IHostBuilder hostBuilder)&#xD;
   at Microsoft.AspNetCore.Mvc.Testing.WebApplicationFactory`1.EnsureServer()&#xD;
   at Microsoft.AspNetCore.Mvc.Testing.WebApplicationFactory`1.get_Services()&#xD;
   at WebTemplate.ApiTests.TestWebAppFactory.InitializeDatabaseAsync() in C:\Users\avist\source\repos\GitHubLocal\Customers\WebTemplate\Backend\WebTemplate.ApiTests\TestWebAppFactory.cs:line 134&#xD;
   at WebTemplate.ApiTests.TestWebAppFactory.InitializeAsync() in C:\Users\avist\source\repos\GitHubLocal\Customers\WebTemplate\Backend\WebTemplate.ApiTests\TestWebAppFactory.cs:line 122</StackTrace>
        </ErrorInfo>
      </Output>
    </UnitTestResult>
    <UnitTestResult executionId="e2766e51-8bd4-472e-9c0a-af4daa8bab40" testId="fdb2311f-3bdd-f6d0-9890-0c677f459d4b" testName="POST /api/user - Admin can create new user" computerName="STRUL-LAPTOP" duration="00:00:00.0010000" startTime="2025-11-16T05:10:16.9973362+02:00" endTime="2025-11-16T05:10:16.9973368+02:00" testType="13cdc9d9-ddb5-4fa4-a97d-d965ccfc6d4b" outcome="Failed" testListId="8c84fa94-04c1-424b-9868-57a2d4851a1d" relativeResultsDirectory="e2766e51-8bd4-472e-9c0a-af4daa8bab40">
      <Output>
        <ErrorInfo>
          <Message>System.InvalidOperationException : Required configuration section 'Email' is missing or invalid.</Message>
          <StackTrace>   at WebTemplate.Core.Configuration.CoreConfiguration..ctor(IConfiguration configuration) in C:\Users\avist\source\repos\GitHubLocal\Customers\WebTemplate\Backend\WebTemplate.Core\Configuration\CoreConfiguration.cs:line 25&#xD;
   at WebTemplate.Data.Configuration.DataConfiguration..ctor(IConfiguration configuration) in C:\Users\avist\source\repos\GitHubLocal\Customers\WebTemplate\Backend\WebTemplate.Data\Configuration\DataConfiguration.cs:line 16&#xD;
   at WebTemplate.API.Configuration.ApiConfiguration..ctor(IConfiguration configuration) in C:\Users\avist\source\repos\GitHubLocal\Customers\WebTemplate\Backend\WebTemplate.API\Configuration\ApiConfiguration.cs:line 19&#xD;
   at Program.&lt;&gt;c.&lt;Main&gt;b__0_2(IServiceProvider sp) in C:\Users\avist\source\repos\GitHubLocal\Customers\WebTemplate\Backend\WebTemplate.API\Program.cs:line 129&#xD;
   at Microsoft.Extensions.DependencyInjection.ServiceLookup.CallSiteVisitor`2.VisitCallSiteMain(ServiceCallSite callSite, TArgument argument)&#xD;
   at Microsoft.Extensions.DependencyInjection.ServiceLookup.CallSiteRuntimeResolver.VisitRootCache(ServiceCallSite callSite, RuntimeResolverContext context)&#xD;
   at Microsoft.Extensions.DependencyInjection.ServiceLookup.CallSiteVisitor`2.VisitCallSite(ServiceCallSite callSite, TArgument argument)&#xD;
   at Microsoft.Extensions.DependencyInjection.ServiceLookup.CallSiteRuntimeResolver.Resolve(ServiceCallSite callSite, ServiceProviderEngineScope scope)&#xD;
   at Microsoft.Extensions.DependencyInjection.ServiceProvider.CreateServiceAccessor(ServiceIdentifier serviceIdentifier)&#xD;
   at System.Collections.Concurrent.ConcurrentDictionary`2.GetOrAdd(TKey key, Func`2 valueFactory)&#xD;
   at Microsoft.Extensions.DependencyInjection.ServiceProvider.GetService(ServiceIdentifier serviceIdentifier, ServiceProviderEngineScope serviceProviderEngineScope)&#xD;
   at Microsoft.Extensions.DependencyInjection.ServiceLookup.ServiceProviderEngineScope.GetService(Type serviceType)&#xD;
   at Microsoft.Extensions.DependencyInjection.ServiceProviderServiceExtensions.GetRequiredService(IServiceProvider provider, Type serviceType)&#xD;
   at Microsoft.Extensions.DependencyInjection.ServiceProviderServiceExtensions.GetRequiredService[T](IServiceProvider provider)&#xD;
   at Program.&lt;&gt;c.&lt;Main&gt;b__0_4(IServiceProvider sp) in C:\Users\avist\source\repos\GitHubLocal\Customers\WebTemplate\Backend\WebTemplate.API\Program.cs:line 131&#xD;
   at Microsoft.Extensions.DependencyInjection.ServiceLookup.CallSiteVisitor`2.VisitCallSiteMain(ServiceCallSite callSite, TArgument argument)&#xD;
   at Microsoft.Extensions.DependencyInjection.ServiceLookup.CallSiteRuntimeResolver.VisitRootCache(ServiceCallSite callSite, RuntimeResolverContext context)&#xD;
   at Microsoft.Extensions.DependencyInjection.ServiceLookup.CallSiteVisitor`2.VisitCallSite(ServiceCallSite callSite, TArgument argument)&#xD;
   at Microsoft.Extensions.DependencyInjection.ServiceLookup.CallSiteRuntimeResolver.VisitConstructor(ConstructorCallSite constructorCallSite, RuntimeResolverContext context)&#xD;
   at Microsoft.Extensions.DependencyInjection.ServiceLookup.CallSiteVisitor`2.VisitCallSiteMain(ServiceCallSite callSite, TArgument argument)&#xD;
   at Microsoft.Extensions.DependencyInjection.ServiceLookup.CallSiteRuntimeResolver.VisitRootCache(ServiceCallSite callSite, RuntimeResolverContext context)&#xD;
   at Microsoft.Extensions.DependencyInjection.ServiceLookup.CallSiteVisitor`2.VisitCallSite(ServiceCallSite callSite, TArgument argument)&#xD;
   at Microsoft.Extensions.DependencyInjection.ServiceLookup.CallSiteRuntimeResolver.VisitIEnumerable(IEnumerableCallSite enumerableCallSite, RuntimeResolverContext context)&#xD;
   at Microsoft.Extensions.DependencyInjection.ServiceLookup.CallSiteVisitor`2.VisitCallSiteMain(ServiceCallSite callSite, TArgument argument)&#xD;
   at Microsoft.Extensions.DependencyInjection.ServiceLookup.CallSiteRuntimeResolver.VisitRootCache(ServiceCallSite callSite, RuntimeResolverContext context)&#xD;
   at Microsoft.Extensions.DependencyInjection.ServiceLookup.CallSiteVisitor`2.VisitCallSite(ServiceCallSite callSite, TArgument argument)&#xD;
   at Microsoft.Extensions.DependencyInjection.ServiceLookup.CallSiteRuntimeResolver.Resolve(ServiceCallSite callSite, ServiceProviderEngineScope scope)&#xD;
   at Microsoft.Extensions.DependencyInjection.ServiceProvider.CreateServiceAccessor(ServiceIdentifier serviceIdentifier)&#xD;
   at System.Collections.Concurrent.ConcurrentDictionary`2.GetOrAdd(TKey key, Func`2 valueFactory)&#xD;
   at Microsoft.Extensions.DependencyInjection.ServiceProvider.GetService(ServiceIdentifier serviceIdentifier, ServiceProviderEngineScope serviceProviderEngineScope)&#xD;
   at Microsoft.Extensions.DependencyInjection.ServiceProvider.GetService(Type serviceType)&#xD;
   at Microsoft.Extensions.DependencyInjection.ServiceProviderServiceExtensions.GetRequiredService(IServiceProvider provider, Type serviceType)&#xD;
   at Microsoft.Extensions.DependencyInjection.ServiceProviderServiceExtensions.GetRequiredService[T](IServiceProvider provider)&#xD;
   at Microsoft.Extensions.Hosting.Internal.Host.StartAsync(CancellationToken cancellationToken)&#xD;
   at Microsoft.Extensions.Hosting.HostingAbstractionsHostExtensions.RunAsync(IHost host, CancellationToken token)&#xD;
   at Microsoft.Extensions.Hosting.HostingAbstractionsHostExtensions.RunAsync(IHost host, CancellationToken token)&#xD;
   at Program.Main(String[] args) in C:\Users\avist\source\repos\GitHubLocal\Customers\WebTemplate\Backend\WebTemplate.API\Program.cs:line 178&#xD;
   at Program.&lt;Main&gt;(String[] args)&#xD;
   at System.RuntimeMethodHandle.InvokeMethod(Object target, Void** arguments, Signature sig, Boolean isConstructor)&#xD;
   at System.Reflection.MethodBaseInvoker.InvokeDirectByRefWithFewArgs(Object obj, Span`1 copyOfArgs, BindingFlags invokeAttr)&#xD;
--- End of stack trace from previous location ---&#xD;
   at Microsoft.AspNetCore.Mvc.Testing.DeferredHostBuilder.DeferredHost.StartAsync(CancellationToken cancellationToken)&#xD;
   at Microsoft.Extensions.Hosting.HostingAbstractionsHostExtensions.Start(IHost host)&#xD;
   at Microsoft.AspNetCore.Mvc.Testing.WebApplicationFactory`1.CreateHost(IHostBuilder builder)&#xD;
   at Microsoft.AspNetCore.Mvc.Testing.WebApplicationFactory`1.ConfigureHostBuilder(IHostBuilder hostBuilder)&#xD;
   at Microsoft.AspNetCore.Mvc.Testing.WebApplicationFactory`1.EnsureServer()&#xD;
   at Microsoft.AspNetCore.Mvc.Testing.WebApplicationFactory`1.get_Services()&#xD;
   at WebTemplate.ApiTests.TestWebAppFactory.InitializeDatabaseAsync() in C:\Users\avist\source\repos\GitHubLocal\Customers\WebTemplate\Backend\WebTemplate.ApiTests\TestWebAppFactory.cs:line 134&#xD;
   at WebTemplate.ApiTests.TestWebAppFactory.InitializeAsync() in C:\Users\avist\source\repos\GitHubLocal\Customers\WebTemplate\Backend\WebTemplate.ApiTests\TestWebAppFactory.cs:line 122</StackTrace>
        </ErrorInfo>
      </Output>
    </UnitTestResult>
    <UnitTestResult executionId="c96a5353-d8db-4864-a79d-dc024641995f" testId="fab7a2a1-871e-ad35-cae2-596ec7e499c0" testName="POST /api/user/change-password - Changes user password" computerName="STRUL-LAPTOP" duration="00:00:00.0010000" startTime="2025-11-16T05:10:17.0295564+02:00" endTime="2025-11-16T05:10:17.0295569+02:00" testType="13cdc9d9-ddb5-4fa4-a97d-d965ccfc6d4b" outcome="Failed" testListId="8c84fa94-04c1-424b-9868-57a2d4851a1d" relativeResultsDirectory="c96a5353-d8db-4864-a79d-dc024641995f">
      <Output>
        <ErrorInfo>
          <Message>System.InvalidOperationException : Required configuration section 'Email' is missing or invalid.</Message>
          <StackTrace>   at WebTemplate.Core.Configuration.CoreConfiguration..ctor(IConfiguration configuration) in C:\Users\avist\source\repos\GitHubLocal\Customers\WebTemplate\Backend\WebTemplate.Core\Configuration\CoreConfiguration.cs:line 25&#xD;
   at WebTemplate.Data.Configuration.DataConfiguration..ctor(IConfiguration configuration) in C:\Users\avist\source\repos\GitHubLocal\Customers\WebTemplate\Backend\WebTemplate.Data\Configuration\DataConfiguration.cs:line 16&#xD;
   at WebTemplate.API.Configuration.ApiConfiguration..ctor(IConfiguration configuration) in C:\Users\avist\source\repos\GitHubLocal\Customers\WebTemplate\Backend\WebTemplate.API\Configuration\ApiConfiguration.cs:line 19&#xD;
   at Program.&lt;&gt;c.&lt;Main&gt;b__0_2(IServiceProvider sp) in C:\Users\avist\source\repos\GitHubLocal\Customers\WebTemplate\Backend\WebTemplate.API\Program.cs:line 129&#xD;
   at Microsoft.Extensions.DependencyInjection.ServiceLookup.CallSiteVisitor`2.VisitCallSiteMain(ServiceCallSite callSite, TArgument argument)&#xD;
   at Microsoft.Extensions.DependencyInjection.ServiceLookup.CallSiteRuntimeResolver.VisitRootCache(ServiceCallSite callSite, RuntimeResolverContext context)&#xD;
   at Microsoft.Extensions.DependencyInjection.ServiceLookup.CallSiteVisitor`2.VisitCallSite(ServiceCallSite callSite, TArgument argument)&#xD;
   at Microsoft.Extensions.DependencyInjection.ServiceLookup.CallSiteRuntimeResolver.Resolve(ServiceCallSite callSite, ServiceProviderEngineScope scope)&#xD;
   at Microsoft.Extensions.DependencyInjection.ServiceProvider.CreateServiceAccessor(ServiceIdentifier serviceIdentifier)&#xD;
   at System.Collections.Concurrent.ConcurrentDictionary`2.GetOrAdd(TKey key, Func`2 valueFactory)&#xD;
   at Microsoft.Extensions.DependencyInjection.ServiceProvider.GetService(ServiceIdentifier serviceIdentifier, ServiceProviderEngineScope serviceProviderEngineScope)&#xD;
   at Microsoft.Extensions.DependencyInjection.ServiceLookup.ServiceProviderEngineScope.GetService(Type serviceType)&#xD;
   at Microsoft.Extensions.DependencyInjection.ServiceProviderServiceExtensions.GetRequiredService(IServiceProvider provider, Type serviceType)&#xD;
   at Microsoft.Extensions.DependencyInjection.ServiceProviderServiceExtensions.GetRequiredService[T](IServiceProvider provider)&#xD;
   at Program.&lt;&gt;c.&lt;Main&gt;b__0_4(IServiceProvider sp) in C:\Users\avist\source\repos\GitHubLocal\Customers\WebTemplate\Backend\WebTemplate.API\Program.cs:line 131&#xD;
   at Microsoft.Extensions.DependencyInjection.ServiceLookup.CallSiteVisitor`2.VisitCallSiteMain(ServiceCallSite callSite, TArgument argument)&#xD;
   at Microsoft.Extensions.DependencyInjection.ServiceLookup.CallSiteRuntimeResolver.VisitRootCache(ServiceCallSite callSite, RuntimeResolverContext context)&#xD;
   at Microsoft.Extensions.DependencyInjection.ServiceLookup.CallSiteVisitor`2.VisitCallSite(ServiceCallSite callSite, TArgument argument)&#xD;
   at Microsoft.Extensions.DependencyInjection.ServiceLookup.CallSiteRuntimeResolver.VisitConstructor(ConstructorCallSite constructorCallSite, RuntimeResolverContext context)&#xD;
   at Microsoft.Extensions.DependencyInjection.ServiceLookup.CallSiteVisitor`2.VisitCallSiteMain(ServiceCallSite callSite, TArgument argument)&#xD;
   at Microsoft.Extensions.DependencyInjection.ServiceLookup.CallSiteRuntimeResolver.VisitRootCache(ServiceCallSite callSite, RuntimeResolverContext context)&#xD;
   at Microsoft.Extensions.DependencyInjection.ServiceLookup.CallSiteVisitor`2.VisitCallSite(ServiceCallSite callSite, TArgument argument)&#xD;
   at Microsoft.Extensions.DependencyInjection.ServiceLookup.CallSiteRuntimeResolver.VisitIEnumerable(IEnumerableCallSite enumerableCallSite, RuntimeResolverContext context)&#xD;
   at Microsoft.Extensions.DependencyInjection.ServiceLookup.CallSiteVisitor`2.VisitCallSiteMain(ServiceCallSite callSite, TArgument argument)&#xD;
   at Microsoft.Extensions.DependencyInjection.ServiceLookup.CallSiteRuntimeResolver.VisitRootCache(ServiceCallSite callSite, RuntimeResolverContext context)&#xD;
   at Microsoft.Extensions.DependencyInjection.ServiceLookup.CallSiteVisitor`2.VisitCallSite(ServiceCallSite callSite, TArgument argument)&#xD;
   at Microsoft.Extensions.DependencyInjection.ServiceLookup.CallSiteRuntimeResolver.Resolve(ServiceCallSite callSite, ServiceProviderEngineScope scope)&#xD;
   at Microsoft.Extensions.DependencyInjection.ServiceProvider.CreateServiceAccessor(ServiceIdentifier serviceIdentifier)&#xD;
   at System.Collections.Concurrent.ConcurrentDictionary`2.GetOrAdd(TKey key, Func`2 valueFactory)&#xD;
   at Microsoft.Extensions.DependencyInjection.ServiceProvider.GetService(ServiceIdentifier serviceIdentifier, ServiceProviderEngineScope serviceProviderEngineScope)&#xD;
   at Microsoft.Extensions.DependencyInjection.ServiceProvider.GetService(Type serviceType)&#xD;
   at Microsoft.Extensions.DependencyInjection.ServiceProviderServiceExtensions.GetRequiredService(IServiceProvider provider, Type serviceType)&#xD;
   at Microsoft.Extensions.DependencyInjection.ServiceProviderServiceExtensions.GetRequiredService[T](IServiceProvider provider)&#xD;
   at Microsoft.Extensions.Hosting.Internal.Host.StartAsync(CancellationToken cancellationToken)&#xD;
   at Microsoft.Extensions.Hosting.HostingAbstractionsHostExtensions.RunAsync(IHost host, CancellationToken token)&#xD;
   at Microsoft.Extensions.Hosting.HostingAbstractionsHostExtensions.RunAsync(IHost host, CancellationToken token)&#xD;
   at Program.Main(String[] args) in C:\Users\avist\source\repos\GitHubLocal\Customers\WebTemplate\Backend\WebTemplate.API\Program.cs:line 178&#xD;
   at Program.&lt;Main&gt;(String[] args)&#xD;
   at System.RuntimeMethodHandle.InvokeMethod(Object target, Void** arguments, Signature sig, Boolean isConstructor)&#xD;
   at System.Reflection.MethodBaseInvoker.InvokeDirectByRefWithFewArgs(Object obj, Span`1 copyOfArgs, BindingFlags invokeAttr)&#xD;
--- End of stack trace from previous location ---&#xD;
   at Microsoft.AspNetCore.Mvc.Testing.DeferredHostBuilder.DeferredHost.StartAsync(CancellationToken cancellationToken)&#xD;
   at Microsoft.Extensions.Hosting.HostingAbstractionsHostExtensions.Start(IHost host)&#xD;
   at Microsoft.AspNetCore.Mvc.Testing.WebApplicationFactory`1.CreateHost(IHostBuilder builder)&#xD;
   at Microsoft.AspNetCore.Mvc.Testing.WebApplicationFactory`1.ConfigureHostBuilder(IHostBuilder hostBuilder)&#xD;
   at Microsoft.AspNetCore.Mvc.Testing.WebApplicationFactory`1.EnsureServer()&#xD;
   at Microsoft.AspNetCore.Mvc.Testing.WebApplicationFactory`1.get_Services()&#xD;
   at WebTemplate.ApiTests.TestWebAppFactory.InitializeDatabaseAsync() in C:\Users\avist\source\repos\GitHubLocal\Customers\WebTemplate\Backend\WebTemplate.ApiTests\TestWebAppFactory.cs:line 134&#xD;
   at WebTemplate.ApiTests.TestWebAppFactory.InitializeAsync() in C:\Users\avist\source\repos\GitHubLocal\Customers\WebTemplate\Backend\WebTemplate.ApiTests\TestWebAppFactory.cs:line 122</StackTrace>
        </ErrorInfo>
      </Output>
    </UnitTestResult>
    <UnitTestResult executionId="4219ab4d-a630-4c4c-8515-a8689aa8877e" testId="6bd9d157-2167-fbdf-b9c9-6a39f71d13ab" testName="Confirm email succeeds with valid token" computerName="STRUL-LAPTOP" duration="00:00:00.0010000" startTime="2025-11-16T05:10:16.9852285+02:00" endTime="2025-11-16T05:10:16.9852291+02:00" testType="13cdc9d9-ddb5-4fa4-a97d-d965ccfc6d4b" outcome="Failed" testListId="8c84fa94-04c1-424b-9868-57a2d4851a1d" relativeResultsDirectory="4219ab4d-a630-4c4c-8515-a8689aa8877e">
      <Output>
        <ErrorInfo>
          <Message>System.InvalidOperationException : Required configuration section 'Email' is missing or invalid.</Message>
          <StackTrace>   at WebTemplate.Core.Configuration.CoreConfiguration..ctor(IConfiguration configuration) in C:\Users\avist\source\repos\GitHubLocal\Customers\WebTemplate\Backend\WebTemplate.Core\Configuration\CoreConfiguration.cs:line 25&#xD;
   at WebTemplate.Data.Configuration.DataConfiguration..ctor(IConfiguration configuration) in C:\Users\avist\source\repos\GitHubLocal\Customers\WebTemplate\Backend\WebTemplate.Data\Configuration\DataConfiguration.cs:line 16&#xD;
   at WebTemplate.API.Configuration.ApiConfiguration..ctor(IConfiguration configuration) in C:\Users\avist\source\repos\GitHubLocal\Customers\WebTemplate\Backend\WebTemplate.API\Configuration\ApiConfiguration.cs:line 19&#xD;
   at Program.&lt;&gt;c.&lt;Main&gt;b__0_2(IServiceProvider sp) in C:\Users\avist\source\repos\GitHubLocal\Customers\WebTemplate\Backend\WebTemplate.API\Program.cs:line 129&#xD;
   at Microsoft.Extensions.DependencyInjection.ServiceLookup.CallSiteVisitor`2.VisitCallSiteMain(ServiceCallSite callSite, TArgument argument)&#xD;
   at Microsoft.Extensions.DependencyInjection.ServiceLookup.CallSiteRuntimeResolver.VisitRootCache(ServiceCallSite callSite, RuntimeResolverContext context)&#xD;
   at Microsoft.Extensions.DependencyInjection.ServiceLookup.CallSiteVisitor`2.VisitCallSite(ServiceCallSite callSite, TArgument argument)&#xD;
   at Microsoft.Extensions.DependencyInjection.ServiceLookup.CallSiteRuntimeResolver.Resolve(ServiceCallSite callSite, ServiceProviderEngineScope scope)&#xD;
   at Microsoft.Extensions.DependencyInjection.ServiceProvider.CreateServiceAccessor(ServiceIdentifier serviceIdentifier)&#xD;
   at System.Collections.Concurrent.ConcurrentDictionary`2.GetOrAdd(TKey key, Func`2 valueFactory)&#xD;
   at Microsoft.Extensions.DependencyInjection.ServiceProvider.GetService(ServiceIdentifier serviceIdentifier, ServiceProviderEngineScope serviceProviderEngineScope)&#xD;
   at Microsoft.Extensions.DependencyInjection.ServiceLookup.ServiceProviderEngineScope.GetService(Type serviceType)&#xD;
   at Microsoft.Extensions.DependencyInjection.ServiceProviderServiceExtensions.GetRequiredService(IServiceProvider provider, Type serviceType)&#xD;
   at Microsoft.Extensions.DependencyInjection.ServiceProviderServiceExtensions.GetRequiredService[T](IServiceProvider provider)&#xD;
   at Program.&lt;&gt;c.&lt;Main&gt;b__0_4(IServiceProvider sp) in C:\Users\avist\source\repos\GitHubLocal\Customers\WebTemplate\Backend\WebTemplate.API\Program.cs:line 131&#xD;
   at Microsoft.Extensions.DependencyInjection.ServiceLookup.CallSiteVisitor`2.VisitCallSiteMain(ServiceCallSite callSite, TArgument argument)&#xD;
   at Microsoft.Extensions.DependencyInjection.ServiceLookup.CallSiteRuntimeResolver.VisitRootCache(ServiceCallSite callSite, RuntimeResolverContext context)&#xD;
   at Microsoft.Extensions.DependencyInjection.ServiceLookup.CallSiteVisitor`2.VisitCallSite(ServiceCallSite callSite, TArgument argument)&#xD;
   at Microsoft.Extensions.DependencyInjection.ServiceLookup.CallSiteRuntimeResolver.VisitConstructor(ConstructorCallSite constructorCallSite, RuntimeResolverContext context)&#xD;
   at Microsoft.Extensions.DependencyInjection.ServiceLookup.CallSiteVisitor`2.VisitCallSiteMain(ServiceCallSite callSite, TArgument argument)&#xD;
   at Microsoft.Extensions.DependencyInjection.ServiceLookup.CallSiteRuntimeResolver.VisitRootCache(ServiceCallSite callSite, RuntimeResolverContext context)&#xD;
   at Microsoft.Extensions.DependencyInjection.ServiceLookup.CallSiteVisitor`2.VisitCallSite(ServiceCallSite callSite, TArgument argument)&#xD;
   at Microsoft.Extensions.DependencyInjection.ServiceLookup.CallSiteRuntimeResolver.VisitIEnumerable(IEnumerableCallSite enumerableCallSite, RuntimeResolverContext context)&#xD;
   at Microsoft.Extensions.DependencyInjection.ServiceLookup.CallSiteVisitor`2.VisitCallSiteMain(ServiceCallSite callSite, TArgument argument)&#xD;
   at Microsoft.Extensions.DependencyInjection.ServiceLookup.CallSiteRuntimeResolver.VisitRootCache(ServiceCallSite callSite, RuntimeResolverContext context)&#xD;
   at Microsoft.Extensions.DependencyInjection.ServiceLookup.CallSiteVisitor`2.VisitCallSite(ServiceCallSite callSite, TArgument argument)&#xD;
   at Microsoft.Extensions.DependencyInjection.ServiceLookup.CallSiteRuntimeResolver.Resolve(ServiceCallSite callSite, ServiceProviderEngineScope scope)&#xD;
   at Microsoft.Extensions.DependencyInjection.ServiceProvider.CreateServiceAccessor(ServiceIdentifier serviceIdentifier)&#xD;
   at System.Collections.Concurrent.ConcurrentDictionary`2.GetOrAdd(TKey key, Func`2 valueFactory)&#xD;
   at Microsoft.Extensions.DependencyInjection.ServiceProvider.GetService(ServiceIdentifier serviceIdentifier, ServiceProviderEngineScope serviceProviderEngineScope)&#xD;
   at Microsoft.Extensions.DependencyInjection.ServiceProvider.GetService(Type serviceType)&#xD;
   at Microsoft.Extensions.DependencyInjection.ServiceProviderServiceExtensions.GetRequiredService(IServiceProvider provider, Type serviceType)&#xD;
   at Microsoft.Extensions.DependencyInjection.ServiceProviderServiceExtensions.GetRequiredService[T](IServiceProvider provider)&#xD;
   at Microsoft.Extensions.Hosting.Internal.Host.StartAsync(CancellationToken cancellationToken)&#xD;
   at Microsoft.Extensions.Hosting.HostingAbstractionsHostExtensions.RunAsync(IHost host, CancellationToken token)&#xD;
   at Microsoft.Extensions.Hosting.HostingAbstractionsHostExtensions.RunAsync(IHost host, CancellationToken token)&#xD;
   at Program.Main(String[] args) in C:\Users\avist\source\repos\GitHubLocal\Customers\WebTemplate\Backend\WebTemplate.API\Program.cs:line 178&#xD;
   at Program.&lt;Main&gt;(String[] args)&#xD;
   at System.RuntimeMethodHandle.InvokeMethod(Object target, Void** arguments, Signature sig, Boolean isConstructor)&#xD;
   at System.Reflection.MethodBaseInvoker.InvokeDirectByRefWithFewArgs(Object obj, Span`1 copyOfArgs, BindingFlags invokeAttr)&#xD;
--- End of stack trace from previous location ---&#xD;
   at Microsoft.AspNetCore.Mvc.Testing.DeferredHostBuilder.DeferredHost.StartAsync(CancellationToken cancellationToken)&#xD;
   at Microsoft.Extensions.Hosting.HostingAbstractionsHostExtensions.Start(IHost host)&#xD;
   at Microsoft.AspNetCore.Mvc.Testing.WebApplicationFactory`1.CreateHost(IHostBuilder builder)&#xD;
   at Microsoft.AspNetCore.Mvc.Testing.WebApplicationFactory`1.ConfigureHostBuilder(IHostBuilder hostBuilder)&#xD;
   at Microsoft.AspNetCore.Mvc.Testing.WebApplicationFactory`1.EnsureServer()&#xD;
   at Microsoft.AspNetCore.Mvc.Testing.WebApplicationFactory`1.get_Services()&#xD;
   at WebTemplate.ApiTests.TestWebAppFactory.InitializeDatabaseAsync() in C:\Users\avist\source\repos\GitHubLocal\Customers\WebTemplate\Backend\WebTemplate.ApiTests\TestWebAppFactory.cs:line 134&#xD;
   at WebTemplate.ApiTests.TestWebAppFactory.InitializeAsync() in C:\Users\avist\source\repos\GitHubLocal\Customers\WebTemplate\Backend\WebTemplate.ApiTests\TestWebAppFactory.cs:line 122</StackTrace>
        </ErrorInfo>
      </Output>
    </UnitTestResult>
    <UnitTestResult executionId="76a903c8-3dbc-42c5-9f2e-31078ca2179b" testId="310eb65e-5c9c-47f6-aaac-a716a2025eac" testName="GET /api/usertype - Admin retrieves all user types" computerName="STRUL-LAPTOP" duration="00:00:00.0010000" startTime="2025-11-16T05:10:17.3076042+02:00" endTime="2025-11-16T05:10:17.3076051+02:00" testType="13cdc9d9-ddb5-4fa4-a97d-d965ccfc6d4b" outcome="Failed" testListId="8c84fa94-04c1-424b-9868-57a2d4851a1d" relativeResultsDirectory="76a903c8-3dbc-42c5-9f2e-31078ca2179b">
      <Output>
        <ErrorInfo>
          <Message>System.InvalidOperationException : Required configuration section 'Email' is missing or invalid.</Message>
          <StackTrace>   at WebTemplate.Core.Configuration.CoreConfiguration..ctor(IConfiguration configuration) in C:\Users\avist\source\repos\GitHubLocal\Customers\WebTemplate\Backend\WebTemplate.Core\Configuration\CoreConfiguration.cs:line 25&#xD;
   at WebTemplate.Data.Configuration.DataConfiguration..ctor(IConfiguration configuration) in C:\Users\avist\source\repos\GitHubLocal\Customers\WebTemplate\Backend\WebTemplate.Data\Configuration\DataConfiguration.cs:line 16&#xD;
   at WebTemplate.API.Configuration.ApiConfiguration..ctor(IConfiguration configuration) in C:\Users\avist\source\repos\GitHubLocal\Customers\WebTemplate\Backend\WebTemplate.API\Configuration\ApiConfiguration.cs:line 19&#xD;
   at Program.&lt;&gt;c.&lt;Main&gt;b__0_2(IServiceProvider sp) in C:\Users\avist\source\repos\GitHubLocal\Customers\WebTemplate\Backend\WebTemplate.API\Program.cs:line 129&#xD;
   at Microsoft.Extensions.DependencyInjection.ServiceLookup.CallSiteVisitor`2.VisitCallSiteMain(ServiceCallSite callSite, TArgument argument)&#xD;
   at Microsoft.Extensions.DependencyInjection.ServiceLookup.CallSiteRuntimeResolver.VisitRootCache(ServiceCallSite callSite, RuntimeResolverContext context)&#xD;
   at Microsoft.Extensions.DependencyInjection.ServiceLookup.CallSiteVisitor`2.VisitCallSite(ServiceCallSite callSite, TArgument argument)&#xD;
   at Microsoft.Extensions.DependencyInjection.ServiceLookup.CallSiteRuntimeResolver.Resolve(ServiceCallSite callSite, ServiceProviderEngineScope scope)&#xD;
   at Microsoft.Extensions.DependencyInjection.ServiceProvider.CreateServiceAccessor(ServiceIdentifier serviceIdentifier)&#xD;
   at System.Collections.Concurrent.ConcurrentDictionary`2.GetOrAdd(TKey key, Func`2 valueFactory)&#xD;
   at Microsoft.Extensions.DependencyInjection.ServiceProvider.GetService(ServiceIdentifier serviceIdentifier, ServiceProviderEngineScope serviceProviderEngineScope)&#xD;
   at Microsoft.Extensions.DependencyInjection.ServiceLookup.ServiceProviderEngineScope.GetService(Type serviceType)&#xD;
   at Microsoft.Extensions.DependencyInjection.ServiceProviderServiceExtensions.GetRequiredService(IServiceProvider provider, Type serviceType)&#xD;
   at Microsoft.Extensions.DependencyInjection.ServiceProviderServiceExtensions.GetRequiredService[T](IServiceProvider provider)&#xD;
   at Program.&lt;&gt;c.&lt;Main&gt;b__0_4(IServiceProvider sp) in C:\Users\avist\source\repos\GitHubLocal\Customers\WebTemplate\Backend\WebTemplate.API\Program.cs:line 131&#xD;
   at Microsoft.Extensions.DependencyInjection.ServiceLookup.CallSiteVisitor`2.VisitCallSiteMain(ServiceCallSite callSite, TArgument argument)&#xD;
   at Microsoft.Extensions.DependencyInjection.ServiceLookup.CallSiteRuntimeResolver.VisitRootCache(ServiceCallSite callSite, RuntimeResolverContext context)&#xD;
   at Microsoft.Extensions.DependencyInjection.ServiceLookup.CallSiteVisitor`2.VisitCallSite(ServiceCallSite callSite, TArgument argument)&#xD;
   at Microsoft.Extensions.DependencyInjection.ServiceLookup.CallSiteRuntimeResolver.VisitConstructor(ConstructorCallSite constructorCallSite, RuntimeResolverContext context)&#xD;
   at Microsoft.Extensions.DependencyInjection.ServiceLookup.CallSiteVisitor`2.VisitCallSiteMain(ServiceCallSite callSite, TArgument argument)&#xD;
   at Microsoft.Extensions.DependencyInjection.ServiceLookup.CallSiteRuntimeResolver.VisitRootCache(ServiceCallSite callSite, RuntimeResolverContext context)&#xD;
   at Microsoft.Extensions.DependencyInjection.ServiceLookup.CallSiteVisitor`2.VisitCallSite(ServiceCallSite callSite, TArgument argument)&#xD;
   at Microsoft.Extensions.DependencyInjection.ServiceLookup.CallSiteRuntimeResolver.VisitIEnumerable(IEnumerableCallSite enumerableCallSite, RuntimeResolverContext context)&#xD;
   at Microsoft.Extensions.DependencyInjection.ServiceLookup.CallSiteVisitor`2.VisitCallSiteMain(ServiceCallSite callSite, TArgument argument)&#xD;
   at Microsoft.Extensions.DependencyInjection.ServiceLookup.CallSiteRuntimeResolver.VisitRootCache(ServiceCallSite callSite, RuntimeResolverContext context)&#xD;
   at Microsoft.Extensions.DependencyInjection.ServiceLookup.CallSiteVisitor`2.VisitCallSite(ServiceCallSite callSite, TArgument argument)&#xD;
   at Microsoft.Extensions.DependencyInjection.ServiceLookup.CallSiteRuntimeResolver.Resolve(ServiceCallSite callSite, ServiceProviderEngineScope scope)&#xD;
   at Microsoft.Extensions.DependencyInjection.ServiceProvider.CreateServiceAccessor(ServiceIdentifier serviceIdentifier)&#xD;
   at System.Collections.Concurrent.ConcurrentDictionary`2.GetOrAdd(TKey key, Func`2 valueFactory)&#xD;
   at Microsoft.Extensions.DependencyInjection.ServiceProvider.GetService(ServiceIdentifier serviceIdentifier, ServiceProviderEngineScope serviceProviderEngineScope)&#xD;
   at Microsoft.Extensions.DependencyInjection.ServiceProvider.GetService(Type serviceType)&#xD;
   at Microsoft.Extensions.DependencyInjection.ServiceProviderServiceExtensions.GetRequiredService(IServiceProvider provider, Type serviceType)&#xD;
   at Microsoft.Extensions.DependencyInjection.ServiceProviderServiceExtensions.GetRequiredService[T](IServiceProvider provider)&#xD;
   at Microsoft.Extensions.Hosting.Internal.Host.StartAsync(CancellationToken cancellationToken)&#xD;
   at Microsoft.Extensions.Hosting.HostingAbstractionsHostExtensions.RunAsync(IHost host, CancellationToken token)&#xD;
   at Microsoft.Extensions.Hosting.HostingAbstractionsHostExtensions.RunAsync(IHost host, CancellationToken token)&#xD;
   at Program.Main(String[] args) in C:\Users\avist\source\repos\GitHubLocal\Customers\WebTemplate\Backend\WebTemplate.API\Program.cs:line 178&#xD;
   at Program.&lt;Main&gt;(String[] args)&#xD;
   at System.RuntimeMethodHandle.InvokeMethod(Object target, Void** arguments, Signature sig, Boolean isConstructor)&#xD;
   at System.Reflection.MethodBaseInvoker.InvokeDirectByRefWithFewArgs(Object obj, Span`1 copyOfArgs, BindingFlags invokeAttr)&#xD;
--- End of stack trace from previous location ---&#xD;
   at Microsoft.AspNetCore.Mvc.Testing.DeferredHostBuilder.DeferredHost.StartAsync(CancellationToken cancellationToken)&#xD;
   at Microsoft.Extensions.Hosting.HostingAbstractionsHostExtensions.Start(IHost host)&#xD;
   at Microsoft.AspNetCore.Mvc.Testing.WebApplicationFactory`1.CreateHost(IHostBuilder builder)&#xD;
   at Microsoft.AspNetCore.Mvc.Testing.WebApplicationFactory`1.ConfigureHostBuilder(IHostBuilder hostBuilder)&#xD;
   at Microsoft.AspNetCore.Mvc.Testing.WebApplicationFactory`1.EnsureServer()&#xD;
   at Microsoft.AspNetCore.Mvc.Testing.WebApplicationFactory`1.get_Services()&#xD;
   at WebTemplate.ApiTests.TestWebAppFactory.InitializeDatabaseAsync() in C:\Users\avist\source\repos\GitHubLocal\Customers\WebTemplate\Backend\WebTemplate.ApiTests\TestWebAppFactory.cs:line 134&#xD;
   at WebTemplate.ApiTests.TestWebAppFactory.InitializeAsync() in C:\Users\avist\source\repos\GitHubLocal\Customers\WebTemplate\Backend\WebTemplate.ApiTests\TestWebAppFactory.cs:line 122</StackTrace>
        </ErrorInfo>
      </Output>
    </UnitTestResult>
    <UnitTestResult executionId="228376ea-7934-417f-bde3-72ab92048a3a" testId="36147a5d-68e3-6a8a-a1e6-32b6e7d18256" testName="GET /api/usertype - Forbidden for non-admin user" computerName="STRUL-LAPTOP" duration="00:00:00.0010000" startTime="2025-11-16T05:10:17.3301681+02:00" endTime="2025-11-16T05:10:17.3301686+02:00" testType="13cdc9d9-ddb5-4fa4-a97d-d965ccfc6d4b" outcome="Failed" testListId="8c84fa94-04c1-424b-9868-57a2d4851a1d" relativeResultsDirectory="228376ea-7934-417f-bde3-72ab92048a3a">
      <Output>
        <ErrorInfo>
          <Message>System.InvalidOperationException : Required configuration section 'Email' is missing or invalid.</Message>
          <StackTrace>   at WebTemplate.Core.Configuration.CoreConfiguration..ctor(IConfiguration configuration) in C:\Users\avist\source\repos\GitHubLocal\Customers\WebTemplate\Backend\WebTemplate.Core\Configuration\CoreConfiguration.cs:line 25&#xD;
   at WebTemplate.Data.Configuration.DataConfiguration..ctor(IConfiguration configuration) in C:\Users\avist\source\repos\GitHubLocal\Customers\WebTemplate\Backend\WebTemplate.Data\Configuration\DataConfiguration.cs:line 16&#xD;
   at WebTemplate.API.Configuration.ApiConfiguration..ctor(IConfiguration configuration) in C:\Users\avist\source\repos\GitHubLocal\Customers\WebTemplate\Backend\WebTemplate.API\Configuration\ApiConfiguration.cs:line 19&#xD;
   at Program.&lt;&gt;c.&lt;Main&gt;b__0_2(IServiceProvider sp) in C:\Users\avist\source\repos\GitHubLocal\Customers\WebTemplate\Backend\WebTemplate.API\Program.cs:line 129&#xD;
   at Microsoft.Extensions.DependencyInjection.ServiceLookup.CallSiteVisitor`2.VisitCallSiteMain(ServiceCallSite callSite, TArgument argument)&#xD;
   at Microsoft.Extensions.DependencyInjection.ServiceLookup.CallSiteRuntimeResolver.VisitRootCache(ServiceCallSite callSite, RuntimeResolverContext context)&#xD;
   at Microsoft.Extensions.DependencyInjection.ServiceLookup.CallSiteVisitor`2.VisitCallSite(ServiceCallSite callSite, TArgument argument)&#xD;
   at Microsoft.Extensions.DependencyInjection.ServiceLookup.CallSiteRuntimeResolver.Resolve(ServiceCallSite callSite, ServiceProviderEngineScope scope)&#xD;
[...]
[xUnit.net 00:00:01.66]            at Microsoft.Extensions.Hosting.HostingAbstractionsHostExtensions.RunAsync(IHost host, CancellationToken token)&#xD;
[xUnit.net 00:00:01.66]         C:\Users\avist\source\repos\GitHubLocal\Customers\WebTemplate\Backend\WebTemplate.API\Program.cs(178,0): at Program.Main(String[] args)&#xD;
[xUnit.net 00:00:01.66]            at Program.&lt;Main&gt;(String[] args)&#xD;
[xUnit.net 00:00:01.66]            at System.RuntimeMethodHandle.InvokeMethod(Object target, Void** arguments, Signature sig, Boolean isConstructor)&#xD;
[xUnit.net 00:00:01.66]            at System.Reflection.MethodBaseInvoker.InvokeDirectByRefWithFewArgs(Object obj, Span`1 copyOfArgs, BindingFlags invokeAttr)&#xD;
[xUnit.net 00:00:01.66]         --- End of stack trace from previous location ---&#xD;
[xUnit.net 00:00:01.66]            at Microsoft.AspNetCore.Mvc.Testing.DeferredHostBuilder.DeferredHost.StartAsync(CancellationToken cancellationToken)&#xD;
[xUnit.net 00:00:01.66]            at Microsoft.Extensions.Hosting.HostingAbstractionsHostExtensions.Start(IHost host)&#xD;
[xUnit.net 00:00:01.66]            at Microsoft.AspNetCore.Mvc.Testing.WebApplicationFactory`1.CreateHost(IHostBuilder builder)&#xD;
[xUnit.net 00:00:01.66]            at Microsoft.AspNetCore.Mvc.Testing.WebApplicationFactory`1.ConfigureHostBuilder(IHostBuilder hostBuilder)&#xD;
[xUnit.net 00:00:01.66]            at Microsoft.AspNetCore.Mvc.Testing.WebApplicationFactory`1.EnsureServer()&#xD;
[xUnit.net 00:00:01.66]            at Microsoft.AspNetCore.Mvc.Testing.WebApplicationFactory`1.get_Services()&#xD;
[xUnit.net 00:00:01.66]         C:\Users\avist\source\repos\GitHubLocal\Customers\WebTemplate\Backend\WebTemplate.ApiTests\TestWebAppFactory.cs(134,0): at WebTemplate.ApiTests.TestWebAppFactory.InitializeDatabaseAsync()&#xD;
[xUnit.net 00:00:01.66]         C:\Users\avist\source\repos\GitHubLocal\Customers\WebTemplate\Backend\WebTemplate.ApiTests\TestWebAppFactory.cs(122,0): at WebTemplate.ApiTests.TestWebAppFactory.InitializeAsync()&#xD;
[xUnit.net 00:00:01.66]       System.InvalidOperationException : Required configuration section 'Email' is missing or invalid.&#xD;
[xUnit.net 00:00:01.66]       Stack Trace:&#xD;
[xUnit.net 00:00:01.66]         C:\Users\avist\source\repos\GitHubLocal\Customers\WebTemplate\Backend\WebTemplate.Core\Configuration\CoreConfiguration.cs(25,0): at WebTemplate.Core.Configuration.CoreConfiguration..ctor(IConfiguration configuration)&#xD;
[xUnit.net 00:00:01.66]         C:\Users\avist\source\repos\GitHubLocal\Customers\WebTemplate\Backend\WebTemplate.Data\Configuration\DataConfiguration.cs(16,0): at WebTemplate.Data.Configuration.DataConfiguration..ctor(IConfiguration configuration)&#xD;
[xUnit.net 00:00:01.66]         C:\Users\avist\source\repos\GitHubLocal\Customers\WebTemplate\Backend\WebTemplate.API\Configuration\ApiConfiguration.cs(19,0): at WebTemplate.API.Configuration.ApiConfiguration..ctor(IConfiguration configuration)&#xD;
[xUnit.net 00:00:01.66]         C:\Users\avist\source\repos\GitHubLocal\Customers\WebTemplate\Backend\WebTemplate.API\Program.cs(129,0): at Program.&lt;&gt;c.&lt;Main&gt;b__0_2(IServiceProvider sp)&#xD;
[xUnit.net 00:00:01.66]            at Microsoft.Extensions.DependencyInjection.ServiceLookup.CallSiteVisitor`2.VisitCallSiteMain(ServiceCallSite callSite, TArgument argument)&#xD;
[xUnit.net 00:00:01.66]            at Microsoft.Extensions.DependencyInjection.ServiceLookup.CallSiteRuntimeResolver.VisitRootCache(ServiceCallSite callSite, RuntimeResolverContext context)&#xD;
[xUnit.net 00:00:01.66]            at Microsoft.Extensions.DependencyInjection.ServiceLookup.CallSiteVisitor`2.VisitCallSite(ServiceCallSite callSite, TArgument argument)&#xD;
[xUnit.net 00:00:01.66]            at Microsoft.Extensions.DependencyInjection.ServiceLookup.CallSiteRuntimeResolver.Resolve(ServiceCallSite callSite, ServiceProviderEngineScope scope)&#xD;
[xUnit.net 00:00:01.66]            at Microsoft.Extensions.DependencyInjection.ServiceProvider.CreateServiceAccessor(ServiceIdentifier serviceIdentifier)&#xD;
[xUnit.net 00:00:01.66]            at System.Collections.Concurrent.ConcurrentDictionary`2.GetOrAdd(TKey key, Func`2 valueFactory)&#xD;
[xUnit.net 00:00:01.66]            at Microsoft.Extensions.DependencyInjection.ServiceProvider.GetService(ServiceIdentifier serviceIdentifier, ServiceProviderEngineScope serviceProviderEngineScope)&#xD;
[xUnit.net 00:00:01.66]            at Microsoft.Extensions.DependencyInjection.ServiceLookup.ServiceProviderEngineScope.GetService(Type serviceType)&#xD;
[xUnit.net 00:00:01.66]            at Microsoft.Extensions.DependencyInjection.ServiceProviderServiceExtensions.GetRequiredService(IServiceProvider provider, Type serviceType)&#xD;
[xUnit.net 00:00:01.66]            at Microsoft.Extensions.DependencyInjection.ServiceProviderServiceExtensions.GetRequiredService[T](IServiceProvider provider)&#xD;
[xUnit.net 00:00:01.66]         C:\Users\avist\source\repos\GitHubLocal\Customers\WebTemplate\Backend\WebTemplate.API\Program.cs(131,0): at Program.&lt;&gt;c.&lt;Main&gt;b__0_4(IServiceProvider sp)&#xD;
[xUnit.net 00:00:01.66]            at Microsoft.Extensions.DependencyInjection.ServiceLookup.CallSiteVisitor`2.VisitCallSiteMain(ServiceCallSite callSite, TArgument argument)&#xD;
[xUnit.net 00:00:01.66]            at Microsoft.Extensions.DependencyInjection.ServiceLookup.CallSiteRuntimeResolver.VisitRootCache(ServiceCallSite callSite, RuntimeResolverContext context)&#xD;
[xUnit.net 00:00:01.66]            at Microsoft.Extensions.DependencyInjection.ServiceLookup.CallSiteVisitor`2.VisitCallSite(ServiceCallSite callSite, TArgument argument)&#xD;
[xUnit.net 00:00:01.66]            at Microsoft.Extensions.DependencyInjection.ServiceLookup.CallSiteRuntimeResolver.VisitConstructor(ConstructorCallSite constructorCallSite, RuntimeResolverContext context)&#xD;
[xUnit.net 00:00:01.66]            at Microsoft.Extensions.DependencyInjection.ServiceLookup.CallSiteVisitor`2.VisitCallSiteMain(ServiceCallSite callSite, TArgument argument)&#xD;
[xUnit.net 00:00:01.66]            at Microsoft.Extensions.DependencyInjection.ServiceLookup.CallSiteRuntimeResolver.VisitRootCache(ServiceCallSite callSite, RuntimeResolverContext context)&#xD;
[xUnit.net 00:00:01.66]            at Microsoft.Extensions.DependencyInjection.ServiceLookup.CallSiteVisitor`2.VisitCallSite(ServiceCallSite callSite, TArgument argument)&#xD;
[xUnit.net 00:00:01.66]            at Microsoft.Extensions.DependencyInjection.ServiceLookup.CallSiteRuntimeResolver.VisitIEnumerable(IEnumerableCallSite enumerableCallSite, RuntimeResolverContext context)&#xD;
[xUnit.net 00:00:01.66]            at Microsoft.Extensions.DependencyInjection.ServiceLookup.CallSiteVisitor`2.VisitCallSiteMain(ServiceCallSite callSite, TArgument argument)&#xD;
[xUnit.net 00:00:01.66]            at Microsoft.Extensions.DependencyInjection.ServiceLookup.CallSiteRuntimeResolver.VisitRootCache(ServiceCallSite callSite, RuntimeResolverContext context)&#xD;
[xUnit.net 00:00:01.66]            at Microsoft.Extensions.DependencyInjection.ServiceLookup.CallSiteVisitor`2.VisitCallSite(ServiceCallSite callSite, TArgument argument)&#xD;
[xUnit.net 00:00:01.66]            at Microsoft.Extensions.DependencyInjection.ServiceLookup.CallSiteRuntimeResolver.Resolve(ServiceCallSite callSite, ServiceProviderEngineScope scope)&#xD;
[xUnit.net 00:00:01.66]            at Microsoft.Extensions.DependencyInjection.ServiceProvider.CreateServiceAccessor(ServiceIdentifier serviceIdentifier)&#xD;
[xUnit.net 00:00:01.66]            at System.Collections.Concurrent.ConcurrentDictionary`2.GetOrAdd(TKey key, Func`2 valueFactory)&#xD;
[xUnit.net 00:00:01.66]            at Microsoft.Extensions.DependencyInjection.ServiceProvider.GetService(ServiceIdentifier serviceIdentifier, ServiceProviderEngineScope serviceProviderEngineScope)&#xD;
[xUnit.net 00:00:01.66]            at Microsoft.Extensions.DependencyInjection.ServiceProvider.GetService(Type serviceType)&#xD;
[xUnit.net 00:00:01.66]            at Microsoft.Extensions.DependencyInjection.ServiceProviderServiceExtensions.GetRequiredService(IServiceProvider provider, Type serviceType)&#xD;
[xUnit.net 00:00:01.66]            at Microsoft.Extensions.DependencyInjection.ServiceProviderServiceExtensions.GetRequiredService[T](IServiceProvider provider)&#xD;
[xUnit.net 00:00:01.66]            at Microsoft.Extensions.Hosting.Internal.Host.StartAsync(CancellationToken cancellationToken)&#xD;
[xUnit.net 00:00:01.66]            at Microsoft.Extensions.Hosting.HostingAbstractionsHostExtensions.RunAsync(IHost host, CancellationToken token)&#xD;
[xUnit.net 00:00:01.66]            at Microsoft.Extensions.Hosting.HostingAbstractionsHostExtensions.RunAsync(IHost host, CancellationToken token)&#xD;
[xUnit.net 00:00:01.66]         C:\Users\avist\source\repos\GitHubLocal\Customers\WebTemplate\Backend\WebTemplate.API\Program.cs(178,0): at Program.Main(String[] args)&#xD;
[xUnit.net 00:00:01.66]            at Program.&lt;Main&gt;(String[] args)&#xD;
[xUnit.net 00:00:01.67]            at System.RuntimeMethodHandle.InvokeMethod(Object target, Void** arguments, Signature sig, Boolean isConstructor)&#xD;
[xUnit.net 00:00:01.67]            at System.Reflection.MethodBaseInvoker.InvokeDirectByRefWithFewArgs(Object obj, Span`1 copyOfArgs, BindingFlags invokeAttr)&#xD;
[xUnit.net 00:00:01.67]         --- End of stack trace from previous location ---&#xD;
[xUnit.net 00:00:01.67]            at Microsoft.AspNetCore.Mvc.Testing.DeferredHostBuilder.DeferredHost.StartAsync(CancellationToken cancellationToken)&#xD;
[xUnit.net 00:00:01.67]            at Microsoft.Extensions.Hosting.HostingAbstractionsHostExtensions.Start(IHost host)&#xD;
[xUnit.net 00:00:01.67]            at Microsoft.AspNetCore.Mvc.Testing.WebApplicationFactory`1.CreateHost(IHostBuilder builder)&#xD;
[xUnit.net 00:00:01.67]            at Microsoft.AspNetCore.Mvc.Testing.WebApplicationFactory`1.ConfigureHostBuilder(IHostBuilder hostBuilder)&#xD;
[xUnit.net 00:00:01.67]            at Microsoft.AspNetCore.Mvc.Testing.WebApplicationFactory`1.EnsureServer()&#xD;
[xUnit.net 00:00:01.67]            at Microsoft.AspNetCore.Mvc.Testing.WebApplicationFactory`1.get_Services()&#xD;
[xUnit.net 00:00:01.67]         C:\Users\avist\source\repos\GitHubLocal\Customers\WebTemplate\Backend\WebTemplate.ApiTests\TestWebAppFactory.cs(134,0): at WebTemplate.ApiTests.TestWebAppFactory.InitializeDatabaseAsync()&#xD;
[xUnit.net 00:00:01.67]         C:\Users\avist\source\repos\GitHubLocal\Customers\WebTemplate\Backend\WebTemplate.ApiTests\TestWebAppFactory.cs(122,0): at WebTemplate.ApiTests.TestWebAppFactory.InitializeAsync()&#xD;
[xUnit.net 00:00:01.69]   Finished:    WebTemplate.ApiTests&#xD;
</StdOut>
    </Output>
    <RunInfos>
      <RunInfo computerName="STRUL-LAPTOP" outcome="Error" timestamp="2025-11-16T05:10:16.9083186+02:00">
        <Text>[xUnit.net 00:00:01.03]     Forgot password returns OK for existing user [FAIL]</Text>
      </RunInfo>
      <RunInfo computerName="STRUL-LAPTOP" outcome="Error" timestamp="2025-11-16T05:10:16.9334005+02:00">
        <Text>[xUnit.net 00:00:01.06]     Refresh -&gt; Logout -&gt; ChangePassword (authorized path) [FAIL]</Text>
      </RunInfo>
      <RunInfo computerName="STRUL-LAPTOP" outcome="Error" timestamp="2025-11-16T05:10:16.9426856+02:00">
        <Text>[xUnit.net 00:00:01.07]     Reset password with valid token updates password [FAIL]</Text>
      </RunInfo>
      <RunInfo computerName="STRUL-LAPTOP" outcome="Error" timestamp="2025-11-16T05:10:16.9554168+02:00">
        <Text>[xUnit.net 00:00:01.08]     Register -&gt; Login -&gt; Status (happy path) [FAIL]</Text>
      </RunInfo>
      <RunInfo computerName="STRUL-LAPTOP" outcome="Error" timestamp="2025-11-16T05:10:16.9708829+02:00">
        <Text>[xUnit.net 00:00:01.09]     Confirm email succeeds with valid token [FAIL]</Text>
      </RunInfo>
      <RunInfo computerName="STRUL-LAPTOP" outcome="Error" timestamp="2025-11-16T05:10:16.9867753+02:00">
        <Text>[xUnit.net 00:00:01.11]     POST /api/user - Admin can create new user [FAIL]</Text>
      </RunInfo>
      <RunInfo computerName="STRUL-LAPTOP" outcome="Error" timestamp="2025-11-16T05:10:16.9984132+02:00">
        <Text>[xUnit.net 00:00:01.12]     Regular user cannot perform admin operations [FAIL]</Text>
      </RunInfo>
      <RunInfo computerName="STRUL-LAPTOP" outcome="Error" timestamp="2025-11-16T05:10:17.0199365+02:00">
        <Text>[xUnit.net 00:00:01.14]     POST /api/user/change-password - Changes user password [FAIL]</Text>
      </RunInfo>
      <RunInfo computerName="STRUL-LAPTOP" outcome="Error" timestamp="2025-11-16T05:10:17.0308197+02:00">
        <Text>[xUnit.net 00:00:01.15]     GET /api/user - Admin can list all users [FAIL]</Text>
      </RunInfo>
      <RunInfo computerName="STRUL-LAPTOP" outcome="Error" timestamp="2025-11-16T05:10:17.3653078+02:00">
        <Text>[xUnit.net 00:00:01.28]     GET /api/user/profile - Returns current user profile [FAIL]</Text>
      </RunInfo>
      <RunInfo computerName="STRUL-LAPTOP" outcome="Error" timestamp="2025-11-16T05:10:17.3709756+02:00">
        <Text>[xUnit.net 00:00:01.29]     GET /api/user/profile - Unauthorized without token [FAIL]</Text>
      </RunInfo>
      <RunInfo computerName="STRUL-LAPTOP" outcome="Error" timestamp="2025-11-16T05:10:17.3767444+02:00">
        <Text>[xUnit.net 00:00:01.30]     GET /api/user/{id} - Returns NotFound for non-existent user [FAIL]</Text>
      </RunInfo>
      <RunInfo computerName="STRUL-LAPTOP" outcome="Error" timestamp="2025-11-16T05:10:17.3824477+02:00">
        <Text>[xUnit.net 00:00:01.31]     POST /api/user/{id}/activate - Admin can activate user [FAIL]</Text>
      </RunInfo>
      <RunInfo computerName="STRUL-LAPTOP" outcome="Error" timestamp="2025-11-16T05:10:17.3881477+02:00">
        <Text>[xUnit.net 00:00:01.32]     POST /api/user - Cannot create user with duplicate email [FAIL]</Text>
      </RunInfo>
      <RunInfo computerName="STRUL-LAPTOP" outcome="Error" timestamp="2025-11-16T05:10:17.3914745+02:00">
        <Text>[xUnit.net 00:00:01.33]     PUT /api/user/profile - Updates current user profile [FAIL]</Text>
      </RunInfo>
      <RunInfo computerName="STRUL-LAPTOP" outcome="Error" timestamp="2025-11-16T05:10:17.3946677+02:00">
        <Text>[xUnit.net 00:00:01.34]     GET /api/user - Regular user cannot list users [FAIL]</Text>
      </RunInfo>
      <RunInfo computerName="STRUL-LAPTOP" outcome="Error" timestamp="2025-11-16T05:10:17.4880396+02:00">
        <Text>[xUnit.net 00:00:01.36]     DELETE /api/user/{id} - Admin can soft delete user [FAIL]</Text>
      </RunInfo>
      <RunInfo computerName="STRUL-LAPTOP" outcome="Error" timestamp="2025-11-16T05:10:17.4904502+02:00">
        <Text>[xUnit.net 00:00:01.37]     PUT /api/user/{id} - Admin can update user [FAIL]</Text>
      </RunInfo>
      <RunInfo computerName="STRUL-LAPTOP" outcome="Error" timestamp="2025-11-16T05:10:17.5019828+02:00">
        <Text>[xUnit.net 00:00:01.40]     GET /api/user/{id} - Admin can get user by ID [FAIL]</Text>
      </RunInfo>
      <RunInfo computerName="STRUL-LAPTOP" outcome="Error" timestamp="2025-11-16T05:10:17.5067598+02:00">
        <Text>[xUnit.net 00:00:01.41]     POST /api/user/{id}/deactivate - Admin can deactivate user [FAIL]</Text>
      </RunInfo>
      <RunInfo computerName="STRUL-LAPTOP" outcome="Error" timestamp="2025-11-16T05:10:17.5114737+02:00">
        <Text>[xUnit.net 00:00:01.42]     GET /api/usertype - Admin retrieves all user types [FAIL]</Text>
      </RunInfo>
      <RunInfo computerName="STRUL-LAPTOP" outcome="Error" timestamp="2025-11-16T05:10:17.5159957+02:00">
        <Text>[xUnit.net 00:00:01.43]     GET /api/usertype/{id} - Returns NotFound for non-existent ID [FAIL]</Text>
      </RunInfo>
      <RunInfo computerName="STRUL-LAPTOP" outcome="Error" timestamp="2025-11-16T05:10:17.5208941+02:00">
        <Text>[xUnit.net 00:00:01.44]     GET /api/usertype - Forbidden for non-admin user [FAIL]</Text>
      </RunInfo>
      <RunInfo computerName="STRUL-LAPTOP" outcome="Error" timestamp="2025-11-16T05:10:17.5234547+02:00">
        <Text>[xUnit.net 00:00:01.45]     DELETE /api/usertype/{id} - Admin deletes user type [FAIL]</Text>
      </RunInfo>
      <RunInfo computerName="STRUL-LAPTOP" outcome="Error" timestamp="2025-11-16T05:10:17.5265156+02:00">
        <Text>[xUnit.net 00:00:01.46]     POST /api/usertype/{id}/toggle-status - Unauthorized without token [FAIL]</Text>
      </RunInfo>
      <RunInfo computerName="STRUL-LAPTOP" outcome="Error" timestamp="2025-11-16T05:10:17.5308456+02:00">
        <Text>[xUnit.net 00:00:01.47]     PUT /api/usertype/{id} - Returns NotFound for non-existent ID [FAIL]</Text>
      </RunInfo>
      <RunInfo computerName="STRUL-LAPTOP" outcome="Error" timestamp="2025-11-16T05:10:17.5337910+02:00">
        <Text>[xUnit.net 00:00:01.48]     POST /api/usertype - Admin creates new user type [FAIL]</Text>
      </RunInfo>
      <RunInfo computerName="STRUL-LAPTOP" outcome="Error" timestamp="2025-11-16T05:10:17.5470514+02:00">
        <Text>[xUnit.net 00:00:01.50]     PUT /api/usertype/{id} - Admin updates user type [FAIL]</Text>
      </RunInfo>
      <RunInfo computerName="STRUL-LAPTOP" outcome="Error" timestamp="2025-11-16T05:10:17.5528873+02:00">
        <Text>[xUnit.net 00:00:01.50]     POST /api/usertype - Validates required fields [FAIL]</Text>
      </RunInfo>
      <RunInfo computerName="STRUL-LAPTOP" outcome="Error" timestamp="2025-11-16T05:10:17.5585959+02:00">
        <Text>[xUnit.net 00:00:01.51]     GET /api/usertype - Unauthorized without token [FAIL]</Text>
      </RunInfo>
      <RunInfo computerName="STRUL-LAPTOP" outcome="Error" timestamp="2025-11-16T05:10:17.5638967+02:00">
        <Text>[xUnit.net 00:00:01.51]     POST /api/usertype/{id}/toggle-status - Returns NotFound for non-existent ID [FAIL]</Text>
      </RunInfo>
      <RunInfo computerName="STRUL-LAPTOP" outcome="Error" timestamp="2025-11-16T05:10:17.5691924+02:00">
        <Text>[xUnit.net 00:00:01.53]     POST /api/usertype - Cannot create duplicate user type [FAIL]</Text>
      </RunInfo>
      <RunInfo computerName="STRUL-LAPTOP" outcome="Error" timestamp="2025-11-16T05:10:17.5718964+02:00">
        <Text>[xUnit.net 00:00:01.53]     DELETE /api/usertype/{id} - Returns NotFound for non-existent ID [FAIL]</Text>
      </RunInfo>
      <RunInfo computerName="STRUL-LAPTOP" outcome="Error" timestamp="2025-11-16T05:10:17.5757311+02:00">
        <Text>[xUnit.net 00:00:01.54]     DELETE /api/usertype/{id} - Forbidden for non-admin user [FAIL]</Text>
      </RunInfo>
      <RunInfo computerName="STRUL-LAPTOP" outcome="Error" timestamp="2025-11-16T05:10:17.5793359+02:00">
        <Text>[xUnit.net 00:00:01.56]     POST /api/usertype - Forbidden for non-admin user [FAIL]</Text>
      </RunInfo>
      <RunInfo computerName="STRUL-LAPTOP" outcome="Error" timestamp="2025-11-16T05:10:17.5818761+02:00">
        <Text>[xUnit.net 00:00:01.57]     POST /api/usertype/{id}/toggle-status - Admin toggles user type status [FAIL]</Text>
      </RunInfo>
      <RunInfo computerName="STRUL-LAPTOP" outcome="Error" timestamp="2025-11-16T05:10:17.5944607+02:00">
        <Text>[xUnit.net 00:00:01.65]     GET /api/usertype/{id} - Unauthorized without token [FAIL]</Text>
      </RunInfo>
      <RunInfo computerName="STRUL-LAPTOP" outcome="Error" timestamp="2025-11-16T05:10:17.5971269+02:00">
        <Text>[xUnit.net 00:00:01.65]     GET /api/usertype - Response includes all required fields [FAIL]</Text>
      </RunInfo>
      <RunInfo computerName="STRUL-LAPTOP" outcome="Error" timestamp="2025-11-16T05:10:17.6056131+02:00">
        <Text>[xUnit.net 00:00:01.66]     GET /api/usertype/{id} - Admin retrieves user type by ID [FAIL]</Text>
      </RunInfo>
    </RunInfos>
  </ResultSummary>
</TestRun>